<?xml version="1.0" encoding="utf-8"?>
<CoverageSession xmlns:xsd="http://www.w3.org/2001/XMLSchema" xmlns:xsi="http://www.w3.org/2001/XMLSchema-instance">
  <Summary numSequencePoints="250" visitedSequencePoints="158" numBranchPoints="77" visitedBranchPoints="40" sequenceCoverage="63.2" branchCoverage="51.95" maxCyclomaticComplexity="4" minCyclomaticComplexity="1" />
  <Modules>
    <Module skippedDueTo="Filter" hash="DA-26-66-2F-93-77-AE-98-22-07-2C-69-30-27-73-3B-4A-36-AA-D9">
      <FullName>C:\Windows\Microsoft.Net\assembly\GAC_32\mscorlib\v4.0_4.0.0.0__b77a5c561934e089\mscorlib.dll</FullName>
      <ModuleName>mscorlib</ModuleName>
      <Classes />
    </Module>
    <Module skippedDueTo="MissingPdb" hash="37-80-BE-DC-A8-79-2C-78-4A-75-9F-D4-19-B1-3A-5A-48-3E-CA-03">
      <FullName>C:\Users\shibu\Desktop\To Save\csharp\SharpDevelop\bin\Tools\NUnit\nunit-console-x86.exe</FullName>
      <ModuleName>nunit-console</ModuleName>
      <Classes />
    </Module>
    <Module skippedDueTo="MissingPdb" hash="33-E1-CA-24-52-5A-B7-C7-C4-AF-91-2C-A9-4A-C0-37-67-0D-5B-FE">
      <FullName>C:\Users\shibu\Desktop\To Save\csharp\SharpDevelop\bin\Tools\NUnit\lib\nunit.core.dll</FullName>
      <ModuleName>nunit.core</ModuleName>
      <Classes />
    </Module>
    <Module skippedDueTo="MissingPdb" hash="2A-C4-E5-DE-F3-EE-AD-84-E1-65-84-CC-15-90-76-96-E7-01-44-4E">
      <FullName>C:\Users\shibu\Desktop\To Save\csharp\SharpDevelop\bin\Tools\NUnit\lib\nunit-console-runner.dll</FullName>
      <ModuleName>nunit-console-runner</ModuleName>
      <Classes />
    </Module>
    <Module skippedDueTo="MissingPdb" hash="74-74-F6-87-59-E1-5F-4F-5F-5E-6E-82-50-E8-E2-46-D4-86-15-76">
      <FullName>C:\Users\shibu\Desktop\To Save\csharp\SharpDevelop\bin\Tools\NUnit\lib\nunit.util.dll</FullName>
      <ModuleName>nunit.util</ModuleName>
      <Classes />
    </Module>
    <Module skippedDueTo="MissingPdb" hash="D3-A4-4D-85-55-F7-CE-EF-A5-90-AA-EF-58-E0-9F-B6-CC-27-99-53">
      <FullName>C:\Users\shibu\Desktop\To Save\csharp\SharpDevelop\bin\Tools\NUnit\lib\nunit.core.interfaces.dll</FullName>
      <ModuleName>nunit.core.interfaces</ModuleName>
      <Classes />
    </Module>
    <Module skippedDueTo="Filter" hash="B3-80-92-72-0E-71-04-DA-EC-85-54-27-9D-00-FA-BA-7F-68-FD-CD">
      <FullName>C:\Windows\Microsoft.Net\assembly\GAC_MSIL\System.Configuration\v4.0_4.0.0.0__b03f5f7f11d50a3a\System.Configuration.dll</FullName>
      <ModuleName>System.Configuration</ModuleName>
      <Classes />
    </Module>
    <Module skippedDueTo="Filter" hash="9E-A8-D1-57-B6-3B-86-2E-8C-02-F2-54-6C-52-59-FE-F4-15-49-3E">
      <FullName>C:\Windows\Microsoft.Net\assembly\GAC_MSIL\System\v4.0_4.0.0.0__b77a5c561934e089\System.dll</FullName>
      <ModuleName>System</ModuleName>
      <Classes />
    </Module>
    <Module skippedDueTo="Filter" hash="48-2F-2D-97-00-FC-41-0F-45-DE-64-4F-90-B2-79-E4-CF-F1-CA-0B">
      <FullName>C:\Windows\Microsoft.Net\assembly\GAC_MSIL\System.Xml\v4.0_4.0.0.0__b77a5c561934e089\System.Xml.dll</FullName>
      <ModuleName>System.Xml</ModuleName>
      <Classes />
    </Module>
    <Module skippedDueTo="Filter" hash="C3-9D-4E-81-40-24-ED-5A-C9-7B-7B-F3-88-08-5D-9D-C8-6F-9B-9F">
      <FullName>C:\Windows\Microsoft.Net\assembly\GAC_MSIL\System.Runtime.Remoting\v4.0_4.0.0.0__b77a5c561934e089\System.Runtime.Remoting.dll</FullName>
      <ModuleName>System.Runtime.Remoting</ModuleName>
      <Classes />
    </Module>
    <Module skippedDueTo="Filter" hash="2A-73-17-F7-F2-F7-21-07-74-F0-AF-A2-C8-0A-2D-34-E1-76-F3-24">
      <FullName>C:\Windows\Microsoft.Net\assembly\GAC_MSIL\System.Core\v4.0_4.0.0.0__b77a5c561934e089\System.Core.dll</FullName>
      <ModuleName>System.Core</ModuleName>
      <Classes />
    </Module>
    <Module hash="F5-67-C2-E0-5E-91-1A-32-9B-EE-F6-D9-B7-B1-0D-12-39-CC-00-B3">
      <Summary numSequencePoints="250" visitedSequencePoints="158" numBranchPoints="77" visitedBranchPoints="40" sequenceCoverage="63.2" branchCoverage="51.95" maxCyclomaticComplexity="4" minCyclomaticComplexity="1" />
      <FullName>C:\Users\shibu\AppData\Local\Temp\nunit20\ShadowCopyCache\4656_636316705307712837\Tests_29313539\assembly\dl3\f88675ff\e1dbac6b_b6d8d201\LoginValidation.exe</FullName>
      <ModuleName>LoginValidation</ModuleName>
      <Files>
        <File uid="1" fullPath="c:\Users\shibu\Documents\SharpDevelop Projects\LoginValidation\LoginValidation\Program.cs" />
        <File uid="2" fullPath="c:\Users\shibu\Documents\SharpDevelop Projects\LoginValidation\LoginValidation\Src\Core\BusinessLogic\LoginCredentials\SecPolicies\TimeRestrictionSecurityPolicy.cs" />
        <File uid="3" fullPath="c:\Users\shibu\Documents\SharpDevelop Projects\LoginValidation\LoginValidation\Src\Core\Domain\UserAccount.cs" />
        <File uid="4" fullPath="c:\Users\shibu\Documents\SharpDevelop Projects\LoginValidation\LoginValidation\Src\Core\BusinessLogic\LoginCredentials\SecPolicies\ActiveUserSecurityPolicy.cs" />
        <File uid="5" fullPath="c:\Users\shibu\Documents\SharpDevelop Projects\LoginValidation\LoginValidation\Src\Core\BusinessLogic\LoginCredentials\SecPolicies\MaximumLoginAttemptSecurityPolicy.cs" />
        <File uid="6" fullPath="c:\Users\shibu\Documents\SharpDevelop Projects\LoginValidation\LoginValidation\Src\Core\BusinessLogic\LoginCredentials\SecPolicies\PasswordExpirySecurityPolicy.cs" />
        <File uid="7" fullPath="c:\Users\shibu\Documents\SharpDevelop Projects\LoginValidation\LoginValidation\Src\Core\BusinessLogic\LoginCredentials\SecPolicies\UserLockedSecurityPolicy.cs" />
        <File uid="8" fullPath="c:\Users\shibu\Documents\SharpDevelop Projects\LoginValidation\LoginValidation\Src\Core\BusinessLogic\LoginCredentials\LoginSecurityPolicy.cs" />
        <File uid="9" fullPath="c:\Users\shibu\Documents\SharpDevelop Projects\LoginValidation\LoginValidation\Src\Core\BusinessLogic\LoginCredentials\LoginProcess.cs" />
        <File uid="10" fullPath="c:\Users\shibu\Documents\SharpDevelop Projects\LoginValidation\LoginValidation\Src\Infrastructure\DataAccess\XmlUserAccountCommandRepository.cs" />
        <File uid="11" fullPath="c:\Users\shibu\Documents\SharpDevelop Projects\LoginValidation\LoginValidation\Src\Infrastructure\DataAccess\XmlUserAccountQueryRepository.cs" />
        <File uid="13" fullPath="c:\Users\shibu\Documents\SharpDevelop Projects\LoginValidation\LoginValidation\Src\Infrastructure\Utils\CustomSerializer.cs" />
        <File uid="14" fullPath="c:\Users\shibu\Documents\SharpDevelop Projects\LoginValidation\LoginValidation\Tests\UserAccountTest.cs" />
      </Files>
      <Classes>
        <Class>
          <Summary numSequencePoints="0" visitedSequencePoints="0" numBranchPoints="0" visitedBranchPoints="0" sequenceCoverage="0" branchCoverage="0" maxCyclomaticComplexity="0" minCyclomaticComplexity="0" />
          <FullName>&lt;Module&gt;</FullName>
          <Methods />
        </Class>
        <Class>
          <Summary numSequencePoints="5" visitedSequencePoints="0" numBranchPoints="1" visitedBranchPoints="0" sequenceCoverage="0" branchCoverage="0" maxCyclomaticComplexity="1" minCyclomaticComplexity="1" />
          <FullName>LoginValidation.Program</FullName>
          <Methods>
            <Method visited="false" cyclomaticComplexity="1" sequenceCoverage="0" branchCoverage="0" isConstructor="false" isStatic="true" isGetter="false" isSetter="false">
              <Summary numSequencePoints="5" visitedSequencePoints="0" numBranchPoints="1" visitedBranchPoints="0" sequenceCoverage="0" branchCoverage="0" maxCyclomaticComplexity="1" minCyclomaticComplexity="1" />
              <MetadataToken>100663297</MetadataToken>
              <Name>System.Void LoginValidation.Program::Main(System.String[])</Name>
              <FileRef uid="1" />
              <SequencePoints>
                <SequencePoint vc="0" uspid="1" ordinal="0" offset="0" sl="18" sc="3" el="18" ec="4" bec="0" bev="0" fileid="1" />
                <SequencePoint vc="0" uspid="2" ordinal="1" offset="1" sl="19" sc="4" el="19" ec="38" bec="0" bev="0" fileid="1" />
                <SequencePoint vc="0" uspid="3" ordinal="2" offset="12" sl="24" sc="4" el="24" ec="54" bec="0" bev="0" fileid="1" />
                <SequencePoint vc="0" uspid="4" ordinal="3" offset="23" sl="25" sc="4" el="25" ec="26" bec="0" bev="0" fileid="1" />
                <SequencePoint vc="0" uspid="5" ordinal="4" offset="30" sl="26" sc="3" el="26" ec="4" bec="0" bev="0" fileid="1" />
              </SequencePoints>
              <BranchPoints />
              <MethodPoint xsi:type="SequencePoint" vc="0" uspid="1" ordinal="0" offset="0" sl="18" sc="3" el="18" ec="4" bec="0" bev="0" fileid="1" />
            </Method>
            <Method visited="false" cyclomaticComplexity="1" sequenceCoverage="0" branchCoverage="0" isConstructor="true" isStatic="false" isGetter="false" isSetter="false">
              <Summary numSequencePoints="0" visitedSequencePoints="0" numBranchPoints="0" visitedBranchPoints="0" sequenceCoverage="0" branchCoverage="0" maxCyclomaticComplexity="1" minCyclomaticComplexity="1" />
              <MetadataToken>100663298</MetadataToken>
              <Name>System.Void LoginValidation.Program::.ctor()</Name>
              <SequencePoints />
              <BranchPoints />
              <MethodPoint vc="0" uspid="6" ordinal="0" offset="0" />
            </Method>
          </Methods>
        </Class>
        <Class>
          <Summary numSequencePoints="7" visitedSequencePoints="0" numBranchPoints="2" visitedBranchPoints="0" sequenceCoverage="0" branchCoverage="0" maxCyclomaticComplexity="1" minCyclomaticComplexity="1" />
          <FullName>LoginValidation.Core.BusinessLogic.LoginCredentials.SecPolicies.TimeRestrictionSecurityPolicy</FullName>
          <Methods>
            <Method visited="false" cyclomaticComplexity="1" sequenceCoverage="0" branchCoverage="0" isConstructor="true" isStatic="false" isGetter="false" isSetter="false">
              <Summary numSequencePoints="5" visitedSequencePoints="0" numBranchPoints="1" visitedBranchPoints="0" sequenceCoverage="0" branchCoverage="0" maxCyclomaticComplexity="1" minCyclomaticComplexity="1" />
              <MetadataToken>100663300</MetadataToken>
              <Name>System.Void LoginValidation.Core.BusinessLogic.LoginCredentials.SecPolicies.TimeRestrictionSecurityPolicy::.ctor(System.String)</Name>
              <FileRef uid="2" />
              <SequencePoints>
                <SequencePoint vc="0" uspid="7" ordinal="0" offset="0" sl="20" sc="3" el="20" ec="58" bec="0" bev="0" fileid="2" />
                <SequencePoint vc="0" uspid="8" ordinal="1" offset="11" sl="21" sc="3" el="21" ec="64" bec="0" bev="0" fileid="2" />
                <SequencePoint vc="0" uspid="9" ordinal="2" offset="18" sl="22" sc="3" el="22" ec="4" bec="0" bev="0" fileid="2" />
                <SequencePoint vc="0" uspid="10" ordinal="3" offset="19" sl="23" sc="4" el="23" ec="43" bec="0" bev="0" fileid="2" />
                <SequencePoint vc="0" uspid="11" ordinal="4" offset="26" sl="24" sc="3" el="24" ec="4" bec="0" bev="0" fileid="2" />
              </SequencePoints>
              <BranchPoints />
              <MethodPoint xsi:type="SequencePoint" vc="0" uspid="7" ordinal="0" offset="0" sl="20" sc="3" el="20" ec="58" bec="0" bev="0" fileid="2" />
            </Method>
            <Method visited="false" cyclomaticComplexity="1" sequenceCoverage="0" branchCoverage="0" isConstructor="false" isStatic="false" isGetter="false" isSetter="false">
              <Summary numSequencePoints="2" visitedSequencePoints="0" numBranchPoints="1" visitedBranchPoints="0" sequenceCoverage="0" branchCoverage="0" maxCyclomaticComplexity="1" minCyclomaticComplexity="1" />
              <MetadataToken>100663301</MetadataToken>
              <Name>System.String LoginValidation.Core.BusinessLogic.LoginCredentials.SecPolicies.TimeRestrictionSecurityPolicy::Violation(LoginValidation.Core.Domain.UserAccount)</Name>
              <FileRef uid="2" />
              <SequencePoints>
                <SequencePoint vc="0" uspid="12" ordinal="0" offset="0" sl="27" sc="3" el="27" ec="4" bec="0" bev="0" fileid="2" />
                <SequencePoint vc="0" uspid="13" ordinal="1" offset="1" sl="28" sc="4" el="28" ec="40" bec="0" bev="0" fileid="2" />
              </SequencePoints>
              <BranchPoints />
              <MethodPoint xsi:type="SequencePoint" vc="0" uspid="12" ordinal="0" offset="0" sl="27" sc="3" el="27" ec="4" bec="0" bev="0" fileid="2" />
            </Method>
          </Methods>
        </Class>
        <Class>
          <Summary numSequencePoints="33" visitedSequencePoints="4" numBranchPoints="20" visitedBranchPoints="2" sequenceCoverage="12.12" branchCoverage="10" maxCyclomaticComplexity="4" minCyclomaticComplexity="1" />
          <FullName>LoginValidation.Core.Domain.UserAccount</FullName>
          <Methods>
            <Method visited="false" cyclomaticComplexity="1" sequenceCoverage="0" branchCoverage="0" isConstructor="false" isStatic="false" isGetter="true" isSetter="false">
              <Summary numSequencePoints="0" visitedSequencePoints="0" numBranchPoints="0" visitedBranchPoints="0" sequenceCoverage="0" branchCoverage="0" maxCyclomaticComplexity="1" minCyclomaticComplexity="1" />
              <MetadataToken>100663306</MetadataToken>
              <Name>System.Double LoginValidation.Core.Domain.UserAccount::get_UserID()</Name>
              <SequencePoints />
              <BranchPoints />
              <MethodPoint vc="0" uspid="14" ordinal="0" offset="0" />
            </Method>
            <Method visited="true" cyclomaticComplexity="1" sequenceCoverage="0" branchCoverage="0" isConstructor="false" isStatic="false" isGetter="false" isSetter="true">
              <Summary numSequencePoints="0" visitedSequencePoints="0" numBranchPoints="0" visitedBranchPoints="0" sequenceCoverage="0" branchCoverage="0" maxCyclomaticComplexity="1" minCyclomaticComplexity="1" />
              <MetadataToken>100663307</MetadataToken>
              <Name>System.Void LoginValidation.Core.Domain.UserAccount::set_UserID(System.Double)</Name>
              <SequencePoints />
              <BranchPoints />
              <MethodPoint vc="16" uspid="15" ordinal="0" offset="0" />
            </Method>
            <Method visited="true" cyclomaticComplexity="1" sequenceCoverage="0" branchCoverage="0" isConstructor="false" isStatic="false" isGetter="true" isSetter="false">
              <Summary numSequencePoints="0" visitedSequencePoints="0" numBranchPoints="0" visitedBranchPoints="0" sequenceCoverage="0" branchCoverage="0" maxCyclomaticComplexity="1" minCyclomaticComplexity="1" />
              <MetadataToken>100663308</MetadataToken>
              <Name>System.String LoginValidation.Core.Domain.UserAccount::get_UserName()</Name>
              <SequencePoints />
              <BranchPoints />
              <MethodPoint vc="10" uspid="16" ordinal="0" offset="0" />
            </Method>
            <Method visited="true" cyclomaticComplexity="1" sequenceCoverage="0" branchCoverage="0" isConstructor="false" isStatic="false" isGetter="false" isSetter="true">
              <Summary numSequencePoints="0" visitedSequencePoints="0" numBranchPoints="0" visitedBranchPoints="0" sequenceCoverage="0" branchCoverage="0" maxCyclomaticComplexity="1" minCyclomaticComplexity="1" />
              <MetadataToken>100663309</MetadataToken>
              <Name>System.Void LoginValidation.Core.Domain.UserAccount::set_UserName(System.String)</Name>
              <SequencePoints />
              <BranchPoints />
              <MethodPoint vc="16" uspid="17" ordinal="0" offset="0" />
            </Method>
            <Method visited="false" cyclomaticComplexity="1" sequenceCoverage="0" branchCoverage="0" isConstructor="false" isStatic="false" isGetter="true" isSetter="false">
              <Summary numSequencePoints="0" visitedSequencePoints="0" numBranchPoints="0" visitedBranchPoints="0" sequenceCoverage="0" branchCoverage="0" maxCyclomaticComplexity="1" minCyclomaticComplexity="1" />
              <MetadataToken>100663310</MetadataToken>
              <Name>System.String LoginValidation.Core.Domain.UserAccount::get_FirstName()</Name>
              <SequencePoints />
              <BranchPoints />
              <MethodPoint vc="0" uspid="18" ordinal="0" offset="0" />
            </Method>
            <Method visited="false" cyclomaticComplexity="1" sequenceCoverage="0" branchCoverage="0" isConstructor="false" isStatic="false" isGetter="false" isSetter="true">
              <Summary numSequencePoints="0" visitedSequencePoints="0" numBranchPoints="0" visitedBranchPoints="0" sequenceCoverage="0" branchCoverage="0" maxCyclomaticComplexity="1" minCyclomaticComplexity="1" />
              <MetadataToken>100663311</MetadataToken>
              <Name>System.Void LoginValidation.Core.Domain.UserAccount::set_FirstName(System.String)</Name>
              <SequencePoints />
              <BranchPoints />
              <MethodPoint vc="0" uspid="19" ordinal="0" offset="0" />
            </Method>
            <Method visited="false" cyclomaticComplexity="1" sequenceCoverage="0" branchCoverage="0" isConstructor="false" isStatic="false" isGetter="true" isSetter="false">
              <Summary numSequencePoints="0" visitedSequencePoints="0" numBranchPoints="0" visitedBranchPoints="0" sequenceCoverage="0" branchCoverage="0" maxCyclomaticComplexity="1" minCyclomaticComplexity="1" />
              <MetadataToken>100663312</MetadataToken>
              <Name>System.String LoginValidation.Core.Domain.UserAccount::get_LastName()</Name>
              <SequencePoints />
              <BranchPoints />
              <MethodPoint vc="0" uspid="20" ordinal="0" offset="0" />
            </Method>
            <Method visited="false" cyclomaticComplexity="1" sequenceCoverage="0" branchCoverage="0" isConstructor="false" isStatic="false" isGetter="false" isSetter="true">
              <Summary numSequencePoints="0" visitedSequencePoints="0" numBranchPoints="0" visitedBranchPoints="0" sequenceCoverage="0" branchCoverage="0" maxCyclomaticComplexity="1" minCyclomaticComplexity="1" />
              <MetadataToken>100663313</MetadataToken>
              <Name>System.Void LoginValidation.Core.Domain.UserAccount::set_LastName(System.String)</Name>
              <SequencePoints />
              <BranchPoints />
              <MethodPoint vc="0" uspid="21" ordinal="0" offset="0" />
            </Method>
            <Method visited="false" cyclomaticComplexity="1" sequenceCoverage="0" branchCoverage="0" isConstructor="false" isStatic="false" isGetter="true" isSetter="false">
              <Summary numSequencePoints="0" visitedSequencePoints="0" numBranchPoints="0" visitedBranchPoints="0" sequenceCoverage="0" branchCoverage="0" maxCyclomaticComplexity="1" minCyclomaticComplexity="1" />
              <MetadataToken>100663314</MetadataToken>
              <Name>System.Double LoginValidation.Core.Domain.UserAccount::get_CompanyID()</Name>
              <SequencePoints />
              <BranchPoints />
              <MethodPoint vc="0" uspid="22" ordinal="0" offset="0" />
            </Method>
            <Method visited="true" cyclomaticComplexity="1" sequenceCoverage="0" branchCoverage="0" isConstructor="false" isStatic="false" isGetter="false" isSetter="true">
              <Summary numSequencePoints="0" visitedSequencePoints="0" numBranchPoints="0" visitedBranchPoints="0" sequenceCoverage="0" branchCoverage="0" maxCyclomaticComplexity="1" minCyclomaticComplexity="1" />
              <MetadataToken>100663315</MetadataToken>
              <Name>System.Void LoginValidation.Core.Domain.UserAccount::set_CompanyID(System.Double)</Name>
              <SequencePoints />
              <BranchPoints />
              <MethodPoint vc="16" uspid="23" ordinal="0" offset="0" />
            </Method>
            <Method visited="false" cyclomaticComplexity="1" sequenceCoverage="0" branchCoverage="0" isConstructor="false" isStatic="false" isGetter="true" isSetter="false">
              <Summary numSequencePoints="0" visitedSequencePoints="0" numBranchPoints="0" visitedBranchPoints="0" sequenceCoverage="0" branchCoverage="0" maxCyclomaticComplexity="1" minCyclomaticComplexity="1" />
              <MetadataToken>100663316</MetadataToken>
              <Name>System.String LoginValidation.Core.Domain.UserAccount::get_CompanyName()</Name>
              <SequencePoints />
              <BranchPoints />
              <MethodPoint vc="0" uspid="24" ordinal="0" offset="0" />
            </Method>
            <Method visited="false" cyclomaticComplexity="1" sequenceCoverage="0" branchCoverage="0" isConstructor="false" isStatic="false" isGetter="false" isSetter="true">
              <Summary numSequencePoints="0" visitedSequencePoints="0" numBranchPoints="0" visitedBranchPoints="0" sequenceCoverage="0" branchCoverage="0" maxCyclomaticComplexity="1" minCyclomaticComplexity="1" />
              <MetadataToken>100663317</MetadataToken>
              <Name>System.Void LoginValidation.Core.Domain.UserAccount::set_CompanyName(System.String)</Name>
              <SequencePoints />
              <BranchPoints />
              <MethodPoint vc="0" uspid="25" ordinal="0" offset="0" />
            </Method>
            <Method visited="false" cyclomaticComplexity="1" sequenceCoverage="0" branchCoverage="0" isConstructor="false" isStatic="false" isGetter="true" isSetter="false">
              <Summary numSequencePoints="3" visitedSequencePoints="0" numBranchPoints="1" visitedBranchPoints="0" sequenceCoverage="0" branchCoverage="0" maxCyclomaticComplexity="1" minCyclomaticComplexity="1" />
              <MetadataToken>100663318</MetadataToken>
              <Name>System.String LoginValidation.Core.Domain.UserAccount::get_Email()</Name>
              <FileRef uid="3" />
              <SequencePoints>
                <SequencePoint vc="0" uspid="26" ordinal="0" offset="0" sl="26" sc="35" el="26" ec="36" bec="0" bev="0" fileid="3" />
                <SequencePoint vc="0" uspid="27" ordinal="1" offset="1" sl="26" sc="37" el="26" ec="50" bec="0" bev="0" fileid="3" />
                <SequencePoint vc="0" uspid="28" ordinal="2" offset="10" sl="26" sc="51" el="26" ec="52" bec="0" bev="0" fileid="3" />
              </SequencePoints>
              <BranchPoints />
              <MethodPoint xsi:type="SequencePoint" vc="0" uspid="26" ordinal="0" offset="0" sl="26" sc="35" el="26" ec="36" bec="0" bev="0" fileid="3" />
            </Method>
            <Method visited="true" cyclomaticComplexity="1" sequenceCoverage="100" branchCoverage="100" isConstructor="false" isStatic="false" isGetter="false" isSetter="true">
              <Summary numSequencePoints="3" visitedSequencePoints="3" numBranchPoints="1" visitedBranchPoints="1" sequenceCoverage="100" branchCoverage="100" maxCyclomaticComplexity="1" minCyclomaticComplexity="1" />
              <MetadataToken>100663319</MetadataToken>
              <Name>System.Void LoginValidation.Core.Domain.UserAccount::set_Email(System.String)</Name>
              <FileRef uid="3" />
              <SequencePoints>
                <SequencePoint vc="16" uspid="29" ordinal="0" offset="0" sl="26" sc="57" el="26" ec="58" bec="0" bev="0" fileid="3" />
                <SequencePoint vc="16" uspid="30" ordinal="1" offset="1" sl="26" sc="59" el="26" ec="73" bec="0" bev="0" fileid="3" />
                <SequencePoint vc="16" uspid="31" ordinal="2" offset="8" sl="26" sc="74" el="26" ec="75" bec="0" bev="0" fileid="3" />
              </SequencePoints>
              <BranchPoints />
              <MethodPoint xsi:type="SequencePoint" vc="16" uspid="29" ordinal="0" offset="0" sl="26" sc="57" el="26" ec="58" bec="0" bev="0" fileid="3" />
            </Method>
            <Method visited="true" cyclomaticComplexity="1" sequenceCoverage="0" branchCoverage="0" isConstructor="false" isStatic="false" isGetter="true" isSetter="false">
              <Summary numSequencePoints="0" visitedSequencePoints="0" numBranchPoints="0" visitedBranchPoints="0" sequenceCoverage="0" branchCoverage="0" maxCyclomaticComplexity="1" minCyclomaticComplexity="1" />
              <MetadataToken>100663320</MetadataToken>
              <Name>System.Boolean LoginValidation.Core.Domain.UserAccount::get_IsActive()</Name>
              <SequencePoints />
              <BranchPoints />
              <MethodPoint vc="3" uspid="32" ordinal="0" offset="0" />
            </Method>
            <Method visited="true" cyclomaticComplexity="1" sequenceCoverage="0" branchCoverage="0" isConstructor="false" isStatic="false" isGetter="false" isSetter="true">
              <Summary numSequencePoints="0" visitedSequencePoints="0" numBranchPoints="0" visitedBranchPoints="0" sequenceCoverage="0" branchCoverage="0" maxCyclomaticComplexity="1" minCyclomaticComplexity="1" />
              <MetadataToken>100663321</MetadataToken>
              <Name>System.Void LoginValidation.Core.Domain.UserAccount::set_IsActive(System.Boolean)</Name>
              <SequencePoints />
              <BranchPoints />
              <MethodPoint vc="16" uspid="33" ordinal="0" offset="0" />
            </Method>
            <Method visited="true" cyclomaticComplexity="1" sequenceCoverage="0" branchCoverage="0" isConstructor="false" isStatic="false" isGetter="true" isSetter="false">
              <Summary numSequencePoints="0" visitedSequencePoints="0" numBranchPoints="0" visitedBranchPoints="0" sequenceCoverage="0" branchCoverage="0" maxCyclomaticComplexity="1" minCyclomaticComplexity="1" />
              <MetadataToken>100663322</MetadataToken>
              <Name>System.Boolean LoginValidation.Core.Domain.UserAccount::get_IsLocked()</Name>
              <SequencePoints />
              <BranchPoints />
              <MethodPoint vc="2" uspid="34" ordinal="0" offset="0" />
            </Method>
            <Method visited="true" cyclomaticComplexity="1" sequenceCoverage="0" branchCoverage="0" isConstructor="false" isStatic="false" isGetter="false" isSetter="true">
              <Summary numSequencePoints="0" visitedSequencePoints="0" numBranchPoints="0" visitedBranchPoints="0" sequenceCoverage="0" branchCoverage="0" maxCyclomaticComplexity="1" minCyclomaticComplexity="1" />
              <MetadataToken>100663323</MetadataToken>
              <Name>System.Void LoginValidation.Core.Domain.UserAccount::set_IsLocked(System.Boolean)</Name>
              <SequencePoints />
              <BranchPoints />
              <MethodPoint vc="16" uspid="35" ordinal="0" offset="0" />
            </Method>
            <Method visited="false" cyclomaticComplexity="1" sequenceCoverage="0" branchCoverage="0" isConstructor="false" isStatic="false" isGetter="true" isSetter="false">
              <Summary numSequencePoints="0" visitedSequencePoints="0" numBranchPoints="0" visitedBranchPoints="0" sequenceCoverage="0" branchCoverage="0" maxCyclomaticComplexity="1" minCyclomaticComplexity="1" />
              <MetadataToken>100663324</MetadataToken>
              <Name>System.Boolean LoginValidation.Core.Domain.UserAccount::get_ChangePasswordAtLogin()</Name>
              <SequencePoints />
              <BranchPoints />
              <MethodPoint vc="0" uspid="36" ordinal="0" offset="0" />
            </Method>
            <Method visited="true" cyclomaticComplexity="1" sequenceCoverage="0" branchCoverage="0" isConstructor="false" isStatic="false" isGetter="false" isSetter="true">
              <Summary numSequencePoints="0" visitedSequencePoints="0" numBranchPoints="0" visitedBranchPoints="0" sequenceCoverage="0" branchCoverage="0" maxCyclomaticComplexity="1" minCyclomaticComplexity="1" />
              <MetadataToken>100663325</MetadataToken>
              <Name>System.Void LoginValidation.Core.Domain.UserAccount::set_ChangePasswordAtLogin(System.Boolean)</Name>
              <SequencePoints />
              <BranchPoints />
              <MethodPoint vc="16" uspid="37" ordinal="0" offset="0" />
            </Method>
            <Method visited="false" cyclomaticComplexity="1" sequenceCoverage="0" branchCoverage="0" isConstructor="false" isStatic="false" isGetter="true" isSetter="false">
              <Summary numSequencePoints="0" visitedSequencePoints="0" numBranchPoints="0" visitedBranchPoints="0" sequenceCoverage="0" branchCoverage="0" maxCyclomaticComplexity="1" minCyclomaticComplexity="1" />
              <MetadataToken>100663326</MetadataToken>
              <Name>System.String LoginValidation.Core.Domain.UserAccount::get_PassKey()</Name>
              <SequencePoints />
              <BranchPoints />
              <MethodPoint vc="0" uspid="38" ordinal="0" offset="0" />
            </Method>
            <Method visited="false" cyclomaticComplexity="1" sequenceCoverage="0" branchCoverage="0" isConstructor="false" isStatic="false" isGetter="false" isSetter="true">
              <Summary numSequencePoints="0" visitedSequencePoints="0" numBranchPoints="0" visitedBranchPoints="0" sequenceCoverage="0" branchCoverage="0" maxCyclomaticComplexity="1" minCyclomaticComplexity="1" />
              <MetadataToken>100663327</MetadataToken>
              <Name>System.Void LoginValidation.Core.Domain.UserAccount::set_PassKey(System.String)</Name>
              <SequencePoints />
              <BranchPoints />
              <MethodPoint vc="0" uspid="39" ordinal="0" offset="0" />
            </Method>
            <Method visited="true" cyclomaticComplexity="1" sequenceCoverage="0" branchCoverage="0" isConstructor="false" isStatic="false" isGetter="true" isSetter="false">
              <Summary numSequencePoints="0" visitedSequencePoints="0" numBranchPoints="0" visitedBranchPoints="0" sequenceCoverage="0" branchCoverage="0" maxCyclomaticComplexity="1" minCyclomaticComplexity="1" />
              <MetadataToken>100663328</MetadataToken>
              <Name>System.Boolean LoginValidation.Core.Domain.UserAccount::get_IsAuthenticated()</Name>
              <SequencePoints />
              <BranchPoints />
              <MethodPoint vc="4" uspid="40" ordinal="0" offset="0" />
            </Method>
            <Method visited="true" cyclomaticComplexity="1" sequenceCoverage="0" branchCoverage="0" isConstructor="false" isStatic="false" isGetter="false" isSetter="true">
              <Summary numSequencePoints="0" visitedSequencePoints="0" numBranchPoints="0" visitedBranchPoints="0" sequenceCoverage="0" branchCoverage="0" maxCyclomaticComplexity="1" minCyclomaticComplexity="1" />
              <MetadataToken>100663329</MetadataToken>
              <Name>System.Void LoginValidation.Core.Domain.UserAccount::set_IsAuthenticated(System.Boolean)</Name>
              <SequencePoints />
              <BranchPoints />
              <MethodPoint vc="16" uspid="41" ordinal="0" offset="0" />
            </Method>
            <Method visited="false" cyclomaticComplexity="1" sequenceCoverage="0" branchCoverage="0" isConstructor="false" isStatic="false" isGetter="true" isSetter="false">
              <Summary numSequencePoints="0" visitedSequencePoints="0" numBranchPoints="0" visitedBranchPoints="0" sequenceCoverage="0" branchCoverage="0" maxCyclomaticComplexity="1" minCyclomaticComplexity="1" />
              <MetadataToken>100663330</MetadataToken>
              <Name>System.DateTime LoginValidation.Core.Domain.UserAccount::get_CreatedDate()</Name>
              <SequencePoints />
              <BranchPoints />
              <MethodPoint vc="0" uspid="42" ordinal="0" offset="0" />
            </Method>
            <Method visited="true" cyclomaticComplexity="1" sequenceCoverage="0" branchCoverage="0" isConstructor="false" isStatic="false" isGetter="false" isSetter="true">
              <Summary numSequencePoints="0" visitedSequencePoints="0" numBranchPoints="0" visitedBranchPoints="0" sequenceCoverage="0" branchCoverage="0" maxCyclomaticComplexity="1" minCyclomaticComplexity="1" />
              <MetadataToken>100663331</MetadataToken>
              <Name>System.Void LoginValidation.Core.Domain.UserAccount::set_CreatedDate(System.DateTime)</Name>
              <SequencePoints />
              <BranchPoints />
              <MethodPoint vc="16" uspid="43" ordinal="0" offset="0" />
            </Method>
            <Method visited="true" cyclomaticComplexity="1" sequenceCoverage="0" branchCoverage="0" isConstructor="false" isStatic="false" isGetter="true" isSetter="false">
              <Summary numSequencePoints="0" visitedSequencePoints="0" numBranchPoints="0" visitedBranchPoints="0" sequenceCoverage="0" branchCoverage="0" maxCyclomaticComplexity="1" minCyclomaticComplexity="1" />
              <MetadataToken>100663332</MetadataToken>
              <Name>System.DateTime LoginValidation.Core.Domain.UserAccount::get_LastUpdatedDate()</Name>
              <SequencePoints />
              <BranchPoints />
              <MethodPoint vc="1" uspid="44" ordinal="0" offset="0" />
            </Method>
            <Method visited="true" cyclomaticComplexity="1" sequenceCoverage="0" branchCoverage="0" isConstructor="false" isStatic="false" isGetter="false" isSetter="true">
              <Summary numSequencePoints="0" visitedSequencePoints="0" numBranchPoints="0" visitedBranchPoints="0" sequenceCoverage="0" branchCoverage="0" maxCyclomaticComplexity="1" minCyclomaticComplexity="1" />
              <MetadataToken>100663333</MetadataToken>
              <Name>System.Void LoginValidation.Core.Domain.UserAccount::set_LastUpdatedDate(System.DateTime)</Name>
              <SequencePoints />
              <BranchPoints />
              <MethodPoint vc="16" uspid="45" ordinal="0" offset="0" />
            </Method>
            <Method visited="false" cyclomaticComplexity="1" sequenceCoverage="0" branchCoverage="0" isConstructor="false" isStatic="false" isGetter="true" isSetter="false">
              <Summary numSequencePoints="0" visitedSequencePoints="0" numBranchPoints="0" visitedBranchPoints="0" sequenceCoverage="0" branchCoverage="0" maxCyclomaticComplexity="1" minCyclomaticComplexity="1" />
              <MetadataToken>100663334</MetadataToken>
              <Name>System.String LoginValidation.Core.Domain.UserAccount::get_Role()</Name>
              <SequencePoints />
              <BranchPoints />
              <MethodPoint vc="0" uspid="46" ordinal="0" offset="0" />
            </Method>
            <Method visited="false" cyclomaticComplexity="1" sequenceCoverage="0" branchCoverage="0" isConstructor="false" isStatic="false" isGetter="false" isSetter="true">
              <Summary numSequencePoints="0" visitedSequencePoints="0" numBranchPoints="0" visitedBranchPoints="0" sequenceCoverage="0" branchCoverage="0" maxCyclomaticComplexity="1" minCyclomaticComplexity="1" />
              <MetadataToken>100663335</MetadataToken>
              <Name>System.Void LoginValidation.Core.Domain.UserAccount::set_Role(System.String)</Name>
              <SequencePoints />
              <BranchPoints />
              <MethodPoint vc="0" uspid="47" ordinal="0" offset="0" />
            </Method>
            <Method visited="true" cyclomaticComplexity="1" sequenceCoverage="0" branchCoverage="0" isConstructor="false" isStatic="false" isGetter="true" isSetter="false">
              <Summary numSequencePoints="0" visitedSequencePoints="0" numBranchPoints="0" visitedBranchPoints="0" sequenceCoverage="0" branchCoverage="0" maxCyclomaticComplexity="1" minCyclomaticComplexity="1" />
              <MetadataToken>100663336</MetadataToken>
              <Name>System.Double LoginValidation.Core.Domain.UserAccount::get_LoginAttempts()</Name>
              <SequencePoints />
              <BranchPoints />
              <MethodPoint vc="1" uspid="48" ordinal="0" offset="0" />
            </Method>
            <Method visited="true" cyclomaticComplexity="1" sequenceCoverage="0" branchCoverage="0" isConstructor="false" isStatic="false" isGetter="false" isSetter="true">
              <Summary numSequencePoints="0" visitedSequencePoints="0" numBranchPoints="0" visitedBranchPoints="0" sequenceCoverage="0" branchCoverage="0" maxCyclomaticComplexity="1" minCyclomaticComplexity="1" />
              <MetadataToken>100663337</MetadataToken>
              <Name>System.Void LoginValidation.Core.Domain.UserAccount::set_LoginAttempts(System.Double)</Name>
              <SequencePoints />
              <BranchPoints />
              <MethodPoint vc="16" uspid="49" ordinal="0" offset="0" />
            </Method>
            <Method visited="true" cyclomaticComplexity="1" sequenceCoverage="0" branchCoverage="0" isConstructor="false" isStatic="false" isGetter="true" isSetter="false">
              <Summary numSequencePoints="0" visitedSequencePoints="0" numBranchPoints="0" visitedBranchPoints="0" sequenceCoverage="0" branchCoverage="0" maxCyclomaticComplexity="1" minCyclomaticComplexity="1" />
              <MetadataToken>100663338</MetadataToken>
              <Name>System.DateTime LoginValidation.Core.Domain.UserAccount::get_LastPasswordChanged()</Name>
              <SequencePoints />
              <BranchPoints />
              <MethodPoint vc="1" uspid="50" ordinal="0" offset="0" />
            </Method>
            <Method visited="true" cyclomaticComplexity="1" sequenceCoverage="0" branchCoverage="0" isConstructor="false" isStatic="false" isGetter="false" isSetter="true">
              <Summary numSequencePoints="0" visitedSequencePoints="0" numBranchPoints="0" visitedBranchPoints="0" sequenceCoverage="0" branchCoverage="0" maxCyclomaticComplexity="1" minCyclomaticComplexity="1" />
              <MetadataToken>100663339</MetadataToken>
              <Name>System.Void LoginValidation.Core.Domain.UserAccount::set_LastPasswordChanged(System.DateTime)</Name>
              <SequencePoints />
              <BranchPoints />
              <MethodPoint vc="16" uspid="51" ordinal="0" offset="0" />
            </Method>
            <Method visited="false" cyclomaticComplexity="1" sequenceCoverage="0" branchCoverage="0" isConstructor="false" isStatic="false" isGetter="true" isSetter="false">
              <Summary numSequencePoints="3" visitedSequencePoints="0" numBranchPoints="1" visitedBranchPoints="0" sequenceCoverage="0" branchCoverage="0" maxCyclomaticComplexity="1" minCyclomaticComplexity="1" />
              <MetadataToken>100663340</MetadataToken>
              <Name>System.String LoginValidation.Core.Domain.UserAccount::get_FullName()</Name>
              <FileRef uid="3" />
              <SequencePoints>
                <SequencePoint vc="0" uspid="52" ordinal="0" offset="0" sl="38" sc="38" el="38" ec="39" bec="0" bev="0" fileid="3" />
                <SequencePoint vc="0" uspid="53" ordinal="1" offset="1" sl="38" sc="40" el="38" ec="93" bec="0" bev="0" fileid="3" />
                <SequencePoint vc="0" uspid="54" ordinal="2" offset="26" sl="38" sc="94" el="38" ec="95" bec="0" bev="0" fileid="3" />
              </SequencePoints>
              <BranchPoints />
              <MethodPoint xsi:type="SequencePoint" vc="0" uspid="52" ordinal="0" offset="0" sl="38" sc="38" el="38" ec="39" bec="0" bev="0" fileid="3" />
            </Method>
            <Method visited="false" cyclomaticComplexity="2" sequenceCoverage="0" branchCoverage="0" isConstructor="false" isStatic="false" isGetter="true" isSetter="false">
              <Summary numSequencePoints="3" visitedSequencePoints="0" numBranchPoints="3" visitedBranchPoints="0" sequenceCoverage="0" branchCoverage="0" maxCyclomaticComplexity="2" minCyclomaticComplexity="2" />
              <MetadataToken>100663341</MetadataToken>
              <Name>System.String LoginValidation.Core.Domain.UserAccount::get_CreatedDateAsString()</Name>
              <FileRef uid="3" />
              <SequencePoints>
                <SequencePoint vc="0" uspid="55" ordinal="0" offset="0" sl="39" sc="49" el="39" ec="50" bec="0" bev="0" fileid="3" />
                <SequencePoint vc="0" uspid="56" ordinal="1" offset="1" sl="39" sc="51" el="39" ec="150" bec="2" bev="0" fileid="3" />
                <SequencePoint vc="0" uspid="57" ordinal="2" offset="52" sl="39" sc="151" el="39" ec="152" bec="0" bev="0" fileid="3" />
              </SequencePoints>
              <BranchPoints>
                <BranchPoint vc="0" uspid="58" ordinal="0" offset="20" path="0" offsetchain="" offsetend="22" />
                <BranchPoint vc="0" uspid="59" ordinal="1" offset="20" path="1" offsetchain="" offsetend="43" />
              </BranchPoints>
              <MethodPoint xsi:type="SequencePoint" vc="0" uspid="55" ordinal="0" offset="0" sl="39" sc="49" el="39" ec="50" bec="0" bev="0" fileid="3" />
            </Method>
            <Method visited="false" cyclomaticComplexity="2" sequenceCoverage="0" branchCoverage="0" isConstructor="false" isStatic="false" isGetter="true" isSetter="false">
              <Summary numSequencePoints="3" visitedSequencePoints="0" numBranchPoints="3" visitedBranchPoints="0" sequenceCoverage="0" branchCoverage="0" maxCyclomaticComplexity="2" minCyclomaticComplexity="2" />
              <MetadataToken>100663342</MetadataToken>
              <Name>System.String LoginValidation.Core.Domain.UserAccount::get_LastUpdatedDateAsString()</Name>
              <FileRef uid="3" />
              <SequencePoints>
                <SequencePoint vc="0" uspid="60" ordinal="0" offset="0" sl="40" sc="53" el="40" ec="54" bec="0" bev="0" fileid="3" />
                <SequencePoint vc="0" uspid="61" ordinal="1" offset="1" sl="40" sc="55" el="40" ec="162" bec="2" bev="0" fileid="3" />
                <SequencePoint vc="0" uspid="62" ordinal="2" offset="52" sl="40" sc="163" el="40" ec="164" bec="0" bev="0" fileid="3" />
              </SequencePoints>
              <BranchPoints>
                <BranchPoint vc="0" uspid="63" ordinal="0" offset="20" path="0" offsetchain="" offsetend="22" />
                <BranchPoint vc="0" uspid="64" ordinal="1" offset="20" path="1" offsetchain="" offsetend="43" />
              </BranchPoints>
              <MethodPoint xsi:type="SequencePoint" vc="0" uspid="60" ordinal="0" offset="0" sl="40" sc="53" el="40" ec="54" bec="0" bev="0" fileid="3" />
            </Method>
            <Method visited="false" cyclomaticComplexity="1" sequenceCoverage="0" branchCoverage="0" isConstructor="false" isStatic="false" isGetter="true" isSetter="false">
              <Summary numSequencePoints="3" visitedSequencePoints="0" numBranchPoints="1" visitedBranchPoints="0" sequenceCoverage="0" branchCoverage="0" maxCyclomaticComplexity="1" minCyclomaticComplexity="1" />
              <MetadataToken>100663343</MetadataToken>
              <Name>System.Boolean LoginValidation.Core.Domain.UserAccount::get_IsNotActive()</Name>
              <FileRef uid="3" />
              <SequencePoints>
                <SequencePoint vc="0" uspid="65" ordinal="0" offset="0" sl="42" sc="39" el="42" ec="40" bec="0" bev="0" fileid="3" />
                <SequencePoint vc="0" uspid="66" ordinal="1" offset="1" sl="42" sc="41" el="42" ec="58" bec="0" bev="0" fileid="3" />
                <SequencePoint vc="0" uspid="67" ordinal="2" offset="13" sl="42" sc="59" el="42" ec="60" bec="0" bev="0" fileid="3" />
              </SequencePoints>
              <BranchPoints />
              <MethodPoint xsi:type="SequencePoint" vc="0" uspid="65" ordinal="0" offset="0" sl="42" sc="39" el="42" ec="40" bec="0" bev="0" fileid="3" />
            </Method>
            <Method visited="false" cyclomaticComplexity="1" sequenceCoverage="0" branchCoverage="0" isConstructor="false" isStatic="false" isGetter="true" isSetter="false">
              <Summary numSequencePoints="3" visitedSequencePoints="0" numBranchPoints="1" visitedBranchPoints="0" sequenceCoverage="0" branchCoverage="0" maxCyclomaticComplexity="1" minCyclomaticComplexity="1" />
              <MetadataToken>100663344</MetadataToken>
              <Name>System.Boolean LoginValidation.Core.Domain.UserAccount::get_IsNotAuthenticated()</Name>
              <FileRef uid="3" />
              <SequencePoints>
                <SequencePoint vc="0" uspid="68" ordinal="0" offset="0" sl="43" sc="46" el="43" ec="47" bec="0" bev="0" fileid="3" />
                <SequencePoint vc="0" uspid="69" ordinal="1" offset="1" sl="43" sc="48" el="43" ec="72" bec="0" bev="0" fileid="3" />
                <SequencePoint vc="0" uspid="70" ordinal="2" offset="13" sl="43" sc="73" el="43" ec="74" bec="0" bev="0" fileid="3" />
              </SequencePoints>
              <BranchPoints />
              <MethodPoint xsi:type="SequencePoint" vc="0" uspid="68" ordinal="0" offset="0" sl="43" sc="46" el="43" ec="47" bec="0" bev="0" fileid="3" />
            </Method>
            <Method visited="false" cyclomaticComplexity="1" sequenceCoverage="0" branchCoverage="0" isConstructor="false" isStatic="false" isGetter="true" isSetter="false">
              <Summary numSequencePoints="3" visitedSequencePoints="0" numBranchPoints="1" visitedBranchPoints="0" sequenceCoverage="0" branchCoverage="0" maxCyclomaticComplexity="1" minCyclomaticComplexity="1" />
              <MetadataToken>100663345</MetadataToken>
              <Name>System.Boolean LoginValidation.Core.Domain.UserAccount::get_HasEmailAccount()</Name>
              <FileRef uid="3" />
              <SequencePoints>
                <SequencePoint vc="0" uspid="71" ordinal="0" offset="0" sl="44" sc="43" el="44" ec="44" bec="0" bev="0" fileid="3" />
                <SequencePoint vc="0" uspid="72" ordinal="1" offset="1" sl="44" sc="45" el="44" ec="69" bec="0" bev="0" fileid="3" />
                <SequencePoint vc="0" uspid="73" ordinal="2" offset="18" sl="44" sc="70" el="44" ec="71" bec="0" bev="0" fileid="3" />
              </SequencePoints>
              <BranchPoints />
              <MethodPoint xsi:type="SequencePoint" vc="0" uspid="71" ordinal="0" offset="0" sl="44" sc="43" el="44" ec="44" bec="0" bev="0" fileid="3" />
            </Method>
            <Method visited="false" cyclomaticComplexity="4" sequenceCoverage="0" branchCoverage="0" isConstructor="false" isStatic="false" isGetter="false" isSetter="false">
              <Summary numSequencePoints="8" visitedSequencePoints="0" numBranchPoints="7" visitedBranchPoints="0" sequenceCoverage="0" branchCoverage="0" maxCyclomaticComplexity="4" minCyclomaticComplexity="4" />
              <MetadataToken>100663346</MetadataToken>
              <Name>System.Boolean LoginValidation.Core.Domain.UserAccount::IsValid()</Name>
              <FileRef uid="3" />
              <SequencePoints>
                <SequencePoint vc="0" uspid="74" ordinal="0" offset="0" sl="47" sc="9" el="47" ec="10" bec="0" bev="0" fileid="3" />
                <SequencePoint vc="0" uspid="75" ordinal="1" offset="1" sl="48" sc="13" el="48" ec="33" bec="0" bev="0" fileid="3" />
                <SequencePoint vc="0" uspid="76" ordinal="2" offset="3" sl="49" sc="13" el="49" ec="120" bec="5" bev="0" fileid="3" />
                <SequencePoint vc="0" uspid="77" ordinal="3" offset="48" sl="50" sc="13" el="50" ec="14" bec="0" bev="0" fileid="3" />
                <SequencePoint vc="0" uspid="78" ordinal="4" offset="49" sl="50" sc="15" el="50" ec="29" bec="0" bev="0" fileid="3" />
                <SequencePoint vc="0" uspid="79" ordinal="5" offset="51" sl="50" sc="30" el="50" ec="31" bec="0" bev="0" fileid="3" />
                <SequencePoint vc="0" uspid="80" ordinal="6" offset="52" sl="52" sc="13" el="52" ec="27" bec="0" bev="0" fileid="3" />
                <SequencePoint vc="0" uspid="81" ordinal="7" offset="56" sl="53" sc="9" el="53" ec="10" bec="0" bev="0" fileid="3" />
              </SequencePoints>
              <BranchPoints>
                <BranchPoint vc="0" uspid="82" ordinal="0" offset="14" path="0" offsetchain="" offsetend="16" />
                <BranchPoint vc="0" uspid="83" ordinal="1" offset="14" path="1" offsetchain="" offsetend="42" />
                <BranchPoint vc="0" uspid="84" ordinal="2" offset="27" path="0" offsetchain="" offsetend="29" />
                <BranchPoint vc="0" uspid="85" ordinal="3" offset="27" path="1" offsetchain="" offsetend="42" />
                <BranchPoint vc="0" uspid="86" ordinal="4" offset="46" path="0" offsetchain="" offsetend="48" />
                <BranchPoint vc="0" uspid="87" ordinal="5" offset="46" path="1" offsetchain="" offsetend="52" />
              </BranchPoints>
              <MethodPoint xsi:type="SequencePoint" vc="0" uspid="74" ordinal="0" offset="0" sl="47" sc="9" el="47" ec="10" bec="0" bev="0" fileid="3" />
            </Method>
            <Method visited="true" cyclomaticComplexity="1" sequenceCoverage="100" branchCoverage="100" isConstructor="true" isStatic="false" isGetter="false" isSetter="false">
              <Summary numSequencePoints="1" visitedSequencePoints="1" numBranchPoints="1" visitedBranchPoints="1" sequenceCoverage="100" branchCoverage="100" maxCyclomaticComplexity="1" minCyclomaticComplexity="1" />
              <MetadataToken>100663347</MetadataToken>
              <Name>System.Void LoginValidation.Core.Domain.UserAccount::.ctor()</Name>
              <FileRef uid="3" />
              <SequencePoints>
                <SequencePoint vc="16" uspid="88" ordinal="0" offset="0" sl="19" sc="3" el="19" ec="39" bec="0" bev="0" fileid="3" />
              </SequencePoints>
              <BranchPoints />
              <MethodPoint xsi:type="SequencePoint" vc="16" uspid="88" ordinal="0" offset="0" sl="19" sc="3" el="19" ec="39" bec="0" bev="0" fileid="3" />
            </Method>
          </Methods>
        </Class>
        <Class>
          <Summary numSequencePoints="11" visitedSequencePoints="11" numBranchPoints="4" visitedBranchPoints="4" sequenceCoverage="100" branchCoverage="100" maxCyclomaticComplexity="2" minCyclomaticComplexity="1" />
          <FullName>LoginValidation.Core.BusinessLogic.LoginCredentials.SecPolicies.ActiveUserSecurityPolicy</FullName>
          <Methods>
            <Method visited="true" cyclomaticComplexity="1" sequenceCoverage="100" branchCoverage="100" isConstructor="true" isStatic="false" isGetter="false" isSetter="false">
              <Summary numSequencePoints="3" visitedSequencePoints="3" numBranchPoints="1" visitedBranchPoints="1" sequenceCoverage="100" branchCoverage="100" maxCyclomaticComplexity="1" minCyclomaticComplexity="1" />
              <MetadataToken>100663348</MetadataToken>
              <Name>System.Void LoginValidation.Core.BusinessLogic.LoginCredentials.SecPolicies.ActiveUserSecurityPolicy::.ctor()</Name>
              <FileRef uid="4" />
              <SequencePoints>
                <SequencePoint vc="3" uspid="89" ordinal="0" offset="0" sl="21" sc="3" el="21" ec="36" bec="0" bev="0" fileid="4" />
                <SequencePoint vc="3" uspid="90" ordinal="1" offset="7" sl="22" sc="3" el="22" ec="4" bec="0" bev="0" fileid="4" />
                <SequencePoint vc="3" uspid="91" ordinal="2" offset="8" sl="24" sc="3" el="24" ec="4" bec="0" bev="0" fileid="4" />
              </SequencePoints>
              <BranchPoints />
              <MethodPoint xsi:type="SequencePoint" vc="3" uspid="89" ordinal="0" offset="0" sl="21" sc="3" el="21" ec="36" bec="0" bev="0" fileid="4" />
            </Method>
            <Method visited="true" cyclomaticComplexity="2" sequenceCoverage="100" branchCoverage="100" isConstructor="false" isStatic="false" isGetter="false" isSetter="false">
              <Summary numSequencePoints="8" visitedSequencePoints="8" numBranchPoints="3" visitedBranchPoints="3" sequenceCoverage="100" branchCoverage="100" maxCyclomaticComplexity="2" minCyclomaticComplexity="2" />
              <MetadataToken>100663349</MetadataToken>
              <Name>System.String LoginValidation.Core.BusinessLogic.LoginCredentials.SecPolicies.ActiveUserSecurityPolicy::Violation(LoginValidation.Core.Domain.UserAccount)</Name>
              <FileRef uid="4" />
              <SequencePoints>
                <SequencePoint vc="3" uspid="92" ordinal="0" offset="0" sl="27" sc="3" el="27" ec="4" bec="0" bev="0" fileid="4" />
                <SequencePoint vc="3" uspid="93" ordinal="1" offset="1" sl="28" sc="4" el="28" ec="31" bec="0" bev="0" fileid="4" />
                <SequencePoint vc="3" uspid="94" ordinal="2" offset="7" sl="30" sc="4" el="30" ec="29" bec="2" bev="2" fileid="4" />
                <SequencePoint vc="1" uspid="95" ordinal="3" offset="17" sl="31" sc="4" el="31" ec="5" bec="0" bev="0" fileid="4" />
                <SequencePoint vc="1" uspid="96" ordinal="4" offset="18" sl="32" sc="5" el="32" ec="41" bec="0" bev="0" fileid="4" />
                <SequencePoint vc="1" uspid="97" ordinal="5" offset="24" sl="33" sc="4" el="33" ec="5" bec="0" bev="0" fileid="4" />
                <SequencePoint vc="3" uspid="98" ordinal="6" offset="25" sl="35" sc="4" el="35" ec="18" bec="0" bev="0" fileid="4" />
                <SequencePoint vc="3" uspid="99" ordinal="7" offset="29" sl="36" sc="3" el="36" ec="4" bec="0" bev="0" fileid="4" />
              </SequencePoints>
              <BranchPoints>
                <BranchPoint vc="1" uspid="100" ordinal="0" offset="15" path="0" offsetchain="" offsetend="17" />
                <BranchPoint vc="2" uspid="101" ordinal="1" offset="15" path="1" offsetchain="" offsetend="25" />
              </BranchPoints>
              <MethodPoint xsi:type="SequencePoint" vc="3" uspid="92" ordinal="0" offset="0" sl="27" sc="3" el="27" ec="4" bec="0" bev="0" fileid="4" />
            </Method>
          </Methods>
        </Class>
        <Class>
          <Summary numSequencePoints="25" visitedSequencePoints="17" numBranchPoints="6" visitedBranchPoints="4" sequenceCoverage="68" branchCoverage="66.67" maxCyclomaticComplexity="3" minCyclomaticComplexity="1" />
          <FullName>LoginValidation.Core.BusinessLogic.LoginCredentials.SecPolicies.MaximumLoginAttemptSecurityPolicy</FullName>
          <Methods>
            <Method visited="true" cyclomaticComplexity="1" sequenceCoverage="100" branchCoverage="100" isConstructor="true" isStatic="false" isGetter="false" isSetter="false">
              <Summary numSequencePoints="8" visitedSequencePoints="8" numBranchPoints="1" visitedBranchPoints="1" sequenceCoverage="100" branchCoverage="100" maxCyclomaticComplexity="1" minCyclomaticComplexity="1" />
              <MetadataToken>100663350</MetadataToken>
              <Name>System.Void LoginValidation.Core.BusinessLogic.LoginCredentials.SecPolicies.MaximumLoginAttemptSecurityPolicy::.ctor(System.Int32,System.Int32,LoginValidation.Core.DataAccess.IUserAccountCommandRepository)</Name>
              <FileRef uid="5" />
              <SequencePoints>
                <SequencePoint vc="3" uspid="102" ordinal="0" offset="0" sl="22" sc="3" el="22" ec="50" bec="0" bev="0" fileid="5" />
                <SequencePoint vc="3" uspid="103" ordinal="1" offset="7" sl="23" sc="3" el="23" ec="50" bec="0" bev="0" fileid="5" />
                <SequencePoint vc="3" uspid="104" ordinal="2" offset="15" sl="25" sc="3" el="25" ec="149" bec="0" bev="0" fileid="5" />
                <SequencePoint vc="3" uspid="105" ordinal="3" offset="22" sl="26" sc="3" el="26" ec="4" bec="0" bev="0" fileid="5" />
                <SequencePoint vc="3" uspid="106" ordinal="4" offset="23" sl="27" sc="4" el="27" ec="57" bec="0" bev="0" fileid="5" />
                <SequencePoint vc="3" uspid="107" ordinal="5" offset="30" sl="28" sc="4" el="28" ec="55" bec="0" bev="0" fileid="5" />
                <SequencePoint vc="3" uspid="108" ordinal="6" offset="37" sl="30" sc="4" el="30" ec="45" bec="0" bev="0" fileid="5" />
                <SequencePoint vc="3" uspid="109" ordinal="7" offset="44" sl="31" sc="3" el="31" ec="4" bec="0" bev="0" fileid="5" />
              </SequencePoints>
              <BranchPoints />
              <MethodPoint xsi:type="SequencePoint" vc="3" uspid="102" ordinal="0" offset="0" sl="22" sc="3" el="22" ec="50" bec="0" bev="0" fileid="5" />
            </Method>
            <Method visited="true" cyclomaticComplexity="3" sequenceCoverage="52.94" branchCoverage="60" isConstructor="false" isStatic="false" isGetter="false" isSetter="false">
              <Summary numSequencePoints="17" visitedSequencePoints="9" numBranchPoints="5" visitedBranchPoints="3" sequenceCoverage="52.94" branchCoverage="60" maxCyclomaticComplexity="3" minCyclomaticComplexity="3" />
              <MetadataToken>100663351</MetadataToken>
              <Name>System.String LoginValidation.Core.BusinessLogic.LoginCredentials.SecPolicies.MaximumLoginAttemptSecurityPolicy::Violation(LoginValidation.Core.Domain.UserAccount)</Name>
              <FileRef uid="5" />
              <SequencePoints>
                <SequencePoint vc="1" uspid="110" ordinal="0" offset="0" sl="34" sc="3" el="34" ec="4" bec="0" bev="0" fileid="5" />
                <SequencePoint vc="1" uspid="111" ordinal="1" offset="1" sl="35" sc="4" el="35" ec="28" bec="0" bev="0" fileid="5" />
                <SequencePoint vc="1" uspid="112" ordinal="2" offset="7" sl="37" sc="4" el="37" ec="53" bec="0" bev="0" fileid="5" />
                <SequencePoint vc="1" uspid="113" ordinal="3" offset="24" sl="38" sc="4" el="38" ec="111" bec="0" bev="0" fileid="5" />
                <SequencePoint vc="1" uspid="114" ordinal="4" offset="57" sl="39" sc="4" el="39" ec="76" bec="0" bev="0" fileid="5" />
                <SequencePoint vc="1" uspid="115" ordinal="5" offset="68" sl="41" sc="4" el="41" ec="29" bec="2" bev="1" fileid="5" />
                <SequencePoint vc="0" uspid="116" ordinal="6" offset="78" sl="42" sc="4" el="42" ec="5" bec="0" bev="0" fileid="5" />
                <SequencePoint vc="0" uspid="117" ordinal="7" offset="79" sl="43" sc="5" el="43" ec="56" bec="0" bev="0" fileid="5" />
                <SequencePoint vc="0" uspid="118" ordinal="8" offset="97" sl="44" sc="5" el="44" ec="21" bec="0" bev="0" fileid="5" />
                <SequencePoint vc="0" uspid="119" ordinal="9" offset="107" sl="45" sc="4" el="45" ec="5" bec="0" bev="0" fileid="5" />
                <SequencePoint vc="1" uspid="120" ordinal="10" offset="108" sl="47" sc="4" el="47" ec="32" bec="2" bev="1" fileid="5" />
                <SequencePoint vc="0" uspid="121" ordinal="11" offset="118" sl="48" sc="4" el="48" ec="5" bec="0" bev="0" fileid="5" />
                <SequencePoint vc="0" uspid="122" ordinal="12" offset="119" sl="49" sc="5" el="49" ec="54" bec="0" bev="0" fileid="5" />
                <SequencePoint vc="0" uspid="123" ordinal="13" offset="137" sl="50" sc="5" el="50" ec="65" bec="0" bev="0" fileid="5" />
                <SequencePoint vc="0" uspid="124" ordinal="14" offset="143" sl="51" sc="4" el="51" ec="5" bec="0" bev="0" fileid="5" />
                <SequencePoint vc="1" uspid="125" ordinal="15" offset="144" sl="54" sc="4" el="54" ec="18" bec="0" bev="0" fileid="5" />
                <SequencePoint vc="1" uspid="126" ordinal="16" offset="149" sl="55" sc="3" el="55" ec="4" bec="0" bev="0" fileid="5" />
              </SequencePoints>
              <BranchPoints>
                <BranchPoint vc="0" uspid="127" ordinal="0" offset="76" path="0" offsetchain="" offsetend="78" />
                <BranchPoint vc="1" uspid="128" ordinal="1" offset="76" path="1" offsetchain="" offsetend="108" />
                <BranchPoint vc="0" uspid="129" ordinal="2" offset="116" path="0" offsetchain="" offsetend="118" />
                <BranchPoint vc="1" uspid="130" ordinal="3" offset="116" path="1" offsetchain="" offsetend="144" />
              </BranchPoints>
              <MethodPoint xsi:type="SequencePoint" vc="1" uspid="110" ordinal="0" offset="0" sl="34" sc="3" el="34" ec="4" bec="0" bev="0" fileid="5" />
            </Method>
          </Methods>
        </Class>
        <Class>
          <Summary numSequencePoints="14" visitedSequencePoints="11" numBranchPoints="4" visitedBranchPoints="3" sequenceCoverage="78.57" branchCoverage="75" maxCyclomaticComplexity="2" minCyclomaticComplexity="1" />
          <FullName>LoginValidation.Core.BusinessLogic.LoginCredentials.SecPolicies.PasswordExpirySecurityPolicy</FullName>
          <Methods>
            <Method visited="true" cyclomaticComplexity="1" sequenceCoverage="100" branchCoverage="100" isConstructor="true" isStatic="false" isGetter="false" isSetter="false">
              <Summary numSequencePoints="5" visitedSequencePoints="5" numBranchPoints="1" visitedBranchPoints="1" sequenceCoverage="100" branchCoverage="100" maxCyclomaticComplexity="1" minCyclomaticComplexity="1" />
              <MetadataToken>100663352</MetadataToken>
              <Name>System.Void LoginValidation.Core.BusinessLogic.LoginCredentials.SecPolicies.PasswordExpirySecurityPolicy::.ctor(System.Int32)</Name>
              <FileRef uid="6" />
              <SequencePoints>
                <SequencePoint vc="3" uspid="131" ordinal="0" offset="0" sl="21" sc="3" el="21" ec="37" bec="0" bev="0" fileid="6" />
                <SequencePoint vc="3" uspid="132" ordinal="1" offset="8" sl="22" sc="3" el="22" ec="62" bec="0" bev="0" fileid="6" />
                <SequencePoint vc="3" uspid="133" ordinal="2" offset="15" sl="23" sc="3" el="23" ec="4" bec="0" bev="0" fileid="6" />
                <SequencePoint vc="3" uspid="134" ordinal="3" offset="16" sl="24" sc="4" el="24" ec="47" bec="0" bev="0" fileid="6" />
                <SequencePoint vc="3" uspid="135" ordinal="4" offset="23" sl="25" sc="3" el="25" ec="4" bec="0" bev="0" fileid="6" />
              </SequencePoints>
              <BranchPoints />
              <MethodPoint xsi:type="SequencePoint" vc="3" uspid="131" ordinal="0" offset="0" sl="21" sc="3" el="21" ec="37" bec="0" bev="0" fileid="6" />
            </Method>
            <Method visited="true" cyclomaticComplexity="2" sequenceCoverage="66.67" branchCoverage="66.67" isConstructor="false" isStatic="false" isGetter="false" isSetter="false">
              <Summary numSequencePoints="9" visitedSequencePoints="6" numBranchPoints="3" visitedBranchPoints="2" sequenceCoverage="66.67" branchCoverage="66.67" maxCyclomaticComplexity="2" minCyclomaticComplexity="2" />
              <MetadataToken>100663353</MetadataToken>
              <Name>System.String LoginValidation.Core.BusinessLogic.LoginCredentials.SecPolicies.PasswordExpirySecurityPolicy::Violation(LoginValidation.Core.Domain.UserAccount)</Name>
              <FileRef uid="6" />
              <SequencePoints>
                <SequencePoint vc="1" uspid="136" ordinal="0" offset="0" sl="28" sc="3" el="28" ec="4" bec="0" bev="0" fileid="6" />
                <SequencePoint vc="1" uspid="137" ordinal="1" offset="1" sl="29" sc="4" el="29" ec="31" bec="0" bev="0" fileid="6" />
                <SequencePoint vc="1" uspid="138" ordinal="2" offset="7" sl="30" sc="4" el="30" ec="93" bec="0" bev="0" fileid="6" />
                <SequencePoint vc="1" uspid="139" ordinal="3" offset="29" sl="32" sc="4" el="32" ec="48" bec="2" bev="1" fileid="6" />
                <SequencePoint vc="0" uspid="140" ordinal="4" offset="49" sl="33" sc="4" el="33" ec="5" bec="0" bev="0" fileid="6" />
                <SequencePoint vc="0" uspid="141" ordinal="5" offset="50" sl="34" sc="5" el="34" ec="97" bec="0" bev="0" fileid="6" />
                <SequencePoint vc="0" uspid="142" ordinal="6" offset="72" sl="35" sc="4" el="35" ec="5" bec="0" bev="0" fileid="6" />
                <SequencePoint vc="1" uspid="143" ordinal="7" offset="73" sl="37" sc="4" el="37" ec="18" bec="0" bev="0" fileid="6" />
                <SequencePoint vc="1" uspid="144" ordinal="8" offset="77" sl="38" sc="3" el="38" ec="4" bec="0" bev="0" fileid="6" />
              </SequencePoints>
              <BranchPoints>
                <BranchPoint vc="0" uspid="145" ordinal="0" offset="47" path="0" offsetchain="" offsetend="49" />
                <BranchPoint vc="1" uspid="146" ordinal="1" offset="47" path="1" offsetchain="" offsetend="73" />
              </BranchPoints>
              <MethodPoint xsi:type="SequencePoint" vc="1" uspid="136" ordinal="0" offset="0" sl="28" sc="3" el="28" ec="4" bec="0" bev="0" fileid="6" />
            </Method>
          </Methods>
        </Class>
        <Class>
          <Summary numSequencePoints="11" visitedSequencePoints="11" numBranchPoints="4" visitedBranchPoints="4" sequenceCoverage="100" branchCoverage="100" maxCyclomaticComplexity="2" minCyclomaticComplexity="1" />
          <FullName>LoginValidation.Core.BusinessLogic.LoginCredentials.SecPolicies.UserLockedSecurityPolicy</FullName>
          <Methods>
            <Method visited="true" cyclomaticComplexity="1" sequenceCoverage="100" branchCoverage="100" isConstructor="true" isStatic="false" isGetter="false" isSetter="false">
              <Summary numSequencePoints="3" visitedSequencePoints="3" numBranchPoints="1" visitedBranchPoints="1" sequenceCoverage="100" branchCoverage="100" maxCyclomaticComplexity="1" minCyclomaticComplexity="1" />
              <MetadataToken>100663354</MetadataToken>
              <Name>System.Void LoginValidation.Core.BusinessLogic.LoginCredentials.SecPolicies.UserLockedSecurityPolicy::.ctor()</Name>
              <FileRef uid="7" />
              <SequencePoints>
                <SequencePoint vc="3" uspid="147" ordinal="0" offset="0" sl="21" sc="3" el="21" ec="36" bec="0" bev="0" fileid="7" />
                <SequencePoint vc="3" uspid="148" ordinal="1" offset="7" sl="22" sc="3" el="22" ec="4" bec="0" bev="0" fileid="7" />
                <SequencePoint vc="3" uspid="149" ordinal="2" offset="8" sl="23" sc="3" el="23" ec="4" bec="0" bev="0" fileid="7" />
              </SequencePoints>
              <BranchPoints />
              <MethodPoint xsi:type="SequencePoint" vc="3" uspid="147" ordinal="0" offset="0" sl="21" sc="3" el="21" ec="36" bec="0" bev="0" fileid="7" />
            </Method>
            <Method visited="true" cyclomaticComplexity="2" sequenceCoverage="100" branchCoverage="100" isConstructor="false" isStatic="false" isGetter="false" isSetter="false">
              <Summary numSequencePoints="8" visitedSequencePoints="8" numBranchPoints="3" visitedBranchPoints="3" sequenceCoverage="100" branchCoverage="100" maxCyclomaticComplexity="2" minCyclomaticComplexity="2" />
              <MetadataToken>100663355</MetadataToken>
              <Name>System.String LoginValidation.Core.BusinessLogic.LoginCredentials.SecPolicies.UserLockedSecurityPolicy::Violation(LoginValidation.Core.Domain.UserAccount)</Name>
              <FileRef uid="7" />
              <SequencePoints>
                <SequencePoint vc="2" uspid="150" ordinal="0" offset="0" sl="26" sc="3" el="26" ec="4" bec="0" bev="0" fileid="7" />
                <SequencePoint vc="2" uspid="151" ordinal="1" offset="1" sl="27" sc="4" el="27" ec="28" bec="0" bev="0" fileid="7" />
                <SequencePoint vc="2" uspid="152" ordinal="2" offset="7" sl="29" sc="4" el="29" ec="28" bec="2" bev="2" fileid="7" />
                <SequencePoint vc="1" uspid="153" ordinal="3" offset="20" sl="30" sc="4" el="30" ec="5" bec="0" bev="0" fileid="7" />
                <SequencePoint vc="1" uspid="154" ordinal="4" offset="21" sl="31" sc="5" el="31" ec="32" bec="0" bev="0" fileid="7" />
                <SequencePoint vc="1" uspid="155" ordinal="5" offset="27" sl="32" sc="4" el="32" ec="5" bec="0" bev="0" fileid="7" />
                <SequencePoint vc="2" uspid="156" ordinal="6" offset="28" sl="34" sc="4" el="34" ec="18" bec="0" bev="0" fileid="7" />
                <SequencePoint vc="2" uspid="157" ordinal="7" offset="32" sl="35" sc="3" el="35" ec="4" bec="0" bev="0" fileid="7" />
              </SequencePoints>
              <BranchPoints>
                <BranchPoint vc="1" uspid="158" ordinal="0" offset="18" path="0" offsetchain="" offsetend="20" />
                <BranchPoint vc="1" uspid="159" ordinal="1" offset="18" path="1" offsetchain="" offsetend="28" />
              </BranchPoints>
              <MethodPoint xsi:type="SequencePoint" vc="2" uspid="150" ordinal="0" offset="0" sl="26" sc="3" el="26" ec="4" bec="0" bev="0" fileid="7" />
            </Method>
          </Methods>
        </Class>
        <Class>
          <Summary numSequencePoints="22" visitedSequencePoints="22" numBranchPoints="7" visitedBranchPoints="7" sequenceCoverage="100" branchCoverage="100" maxCyclomaticComplexity="3" minCyclomaticComplexity="1" />
          <FullName>LoginValidation.Core.BusinessLogic.LoginCredentials.LoginSecurityPolicy</FullName>
          <Methods>
            <Method visited="true" cyclomaticComplexity="1" sequenceCoverage="100" branchCoverage="100" isConstructor="true" isStatic="false" isGetter="false" isSetter="false">
              <Summary numSequencePoints="4" visitedSequencePoints="4" numBranchPoints="1" visitedBranchPoints="1" sequenceCoverage="100" branchCoverage="100" maxCyclomaticComplexity="1" minCyclomaticComplexity="1" />
              <MetadataToken>100663356</MetadataToken>
              <Name>System.Void LoginValidation.Core.BusinessLogic.LoginCredentials.LoginSecurityPolicy::.ctor()</Name>
              <FileRef uid="8" />
              <SequencePoints>
                <SequencePoint vc="3" uspid="160" ordinal="0" offset="0" sl="24" sc="3" el="24" ec="31" bec="0" bev="0" fileid="8" />
                <SequencePoint vc="3" uspid="161" ordinal="1" offset="7" sl="25" sc="3" el="25" ec="4" bec="0" bev="0" fileid="8" />
                <SequencePoint vc="3" uspid="162" ordinal="2" offset="8" sl="26" sc="4" el="26" ec="50" bec="0" bev="0" fileid="8" />
                <SequencePoint vc="3" uspid="163" ordinal="3" offset="19" sl="27" sc="3" el="27" ec="4" bec="0" bev="0" fileid="8" />
              </SequencePoints>
              <BranchPoints />
              <MethodPoint xsi:type="SequencePoint" vc="3" uspid="160" ordinal="0" offset="0" sl="24" sc="3" el="24" ec="31" bec="0" bev="0" fileid="8" />
            </Method>
            <Method visited="true" cyclomaticComplexity="1" sequenceCoverage="100" branchCoverage="100" isConstructor="false" isStatic="false" isGetter="false" isSetter="false">
              <Summary numSequencePoints="3" visitedSequencePoints="3" numBranchPoints="1" visitedBranchPoints="1" sequenceCoverage="100" branchCoverage="100" maxCyclomaticComplexity="1" minCyclomaticComplexity="1" />
              <MetadataToken>100663357</MetadataToken>
              <Name>System.Void LoginValidation.Core.BusinessLogic.LoginCredentials.LoginSecurityPolicy::AddLoginRule(LoginValidation.Core.BusinessLogic.LoginCredentials.ILoginSecurityPolicy)</Name>
              <FileRef uid="8" />
              <SequencePoints>
                <SequencePoint vc="12" uspid="164" ordinal="0" offset="0" sl="30" sc="3" el="30" ec="4" bec="0" bev="0" fileid="8" />
                <SequencePoint vc="12" uspid="165" ordinal="1" offset="1" sl="31" sc="4" el="31" ec="30" bec="0" bev="0" fileid="8" />
                <SequencePoint vc="12" uspid="166" ordinal="2" offset="14" sl="32" sc="3" el="32" ec="4" bec="0" bev="0" fileid="8" />
              </SequencePoints>
              <BranchPoints />
              <MethodPoint xsi:type="SequencePoint" vc="12" uspid="164" ordinal="0" offset="0" sl="30" sc="3" el="30" ec="4" bec="0" bev="0" fileid="8" />
            </Method>
            <Method visited="true" cyclomaticComplexity="3" sequenceCoverage="100" branchCoverage="100" isConstructor="false" isStatic="false" isGetter="false" isSetter="false">
              <Summary numSequencePoints="15" visitedSequencePoints="15" numBranchPoints="5" visitedBranchPoints="5" sequenceCoverage="100" branchCoverage="100" maxCyclomaticComplexity="3" minCyclomaticComplexity="3" />
              <MetadataToken>100663358</MetadataToken>
              <Name>System.String LoginValidation.Core.BusinessLogic.LoginCredentials.LoginSecurityPolicy::ProcessRules(LoginValidation.Core.Domain.UserAccount)</Name>
              <FileRef uid="8" />
              <SequencePoints>
                <SequencePoint vc="3" uspid="167" ordinal="0" offset="0" sl="35" sc="3" el="35" ec="4" bec="0" bev="0" fileid="8" />
                <SequencePoint vc="3" uspid="168" ordinal="1" offset="1" sl="36" sc="4" el="36" ec="29" bec="0" bev="0" fileid="8" />
                <SequencePoint vc="3" uspid="169" ordinal="2" offset="7" sl="37" sc="4" el="37" ec="11" bec="0" bev="0" fileid="8" />
                <SequencePoint vc="3" uspid="170" ordinal="3" offset="8" sl="37" sc="30" el="37" ec="40" bec="0" bev="0" fileid="8" />
                <SequencePoint vc="7" uspid="171" ordinal="4" offset="23" sl="37" sc="13" el="37" ec="26" bec="0" bev="0" fileid="8" />
                <SequencePoint vc="7" uspid="172" ordinal="5" offset="31" sl="38" sc="4" el="38" ec="5" bec="0" bev="0" fileid="8" />
                <SequencePoint vc="7" uspid="173" ordinal="6" offset="32" sl="39" sc="5" el="39" ec="52" bec="0" bev="0" fileid="8" />
                <SequencePoint vc="7" uspid="174" ordinal="7" offset="40" sl="41" sc="5" el="41" ec="42" bec="2" bev="2" fileid="8" />
                <SequencePoint vc="2" uspid="175" ordinal="8" offset="52" sl="42" sc="5" el="42" ec="6" bec="0" bev="0" fileid="8" />
                <SequencePoint vc="2" uspid="176" ordinal="9" offset="53" sl="43" sc="6" el="43" ec="27" bec="0" bev="0" fileid="8" />
                <SequencePoint vc="2" uspid="177" ordinal="10" offset="61" sl="45" sc="6" el="45" ec="12" bec="0" bev="0" fileid="8" />
                <SequencePoint vc="5" uspid="178" ordinal="11" offset="63" sl="47" sc="4" el="47" ec="5" bec="0" bev="0" fileid="8" />
                <SequencePoint vc="8" uspid="179" ordinal="12" offset="64" sl="37" sc="27" el="37" ec="29" bec="2" bev="2" fileid="8" />
                <SequencePoint vc="3" uspid="180" ordinal="13" offset="95" sl="49" sc="4" el="49" ec="19" bec="0" bev="0" fileid="8" />
                <SequencePoint vc="3" uspid="181" ordinal="14" offset="99" sl="50" sc="3" el="50" ec="4" bec="0" bev="0" fileid="8" />
              </SequencePoints>
              <BranchPoints>
                <BranchPoint vc="2" uspid="182" ordinal="0" offset="50" path="0" offsetchain="" offsetend="52" />
                <BranchPoint vc="5" uspid="183" ordinal="1" offset="50" path="1" offsetchain="" offsetend="63" />
                <BranchPoint vc="1" uspid="184" ordinal="2" offset="75" path="0" offsetchain="" offsetend="77" />
                <BranchPoint vc="7" uspid="185" ordinal="3" offset="75" path="1" offsetchain="" offsetend="23" />
              </BranchPoints>
              <MethodPoint xsi:type="SequencePoint" vc="3" uspid="167" ordinal="0" offset="0" sl="35" sc="3" el="35" ec="4" bec="0" bev="0" fileid="8" />
            </Method>
          </Methods>
        </Class>
        <Class>
          <Summary numSequencePoints="52" visitedSequencePoints="33" numBranchPoints="10" visitedBranchPoints="6" sequenceCoverage="63.46" branchCoverage="60" maxCyclomaticComplexity="3" minCyclomaticComplexity="1" />
          <FullName>LoginValidation.Core.BusinessLogic.LoginCredentials.LoginProcess</FullName>
          <Methods>
            <Method visited="false" cyclomaticComplexity="1" sequenceCoverage="0" branchCoverage="0" isConstructor="true" isStatic="false" isGetter="false" isSetter="false">
              <Summary numSequencePoints="11" visitedSequencePoints="0" numBranchPoints="1" visitedBranchPoints="0" sequenceCoverage="0" branchCoverage="0" maxCyclomaticComplexity="1" minCyclomaticComplexity="1" />
              <MetadataToken>100663359</MetadataToken>
              <Name>System.Void LoginValidation.Core.BusinessLogic.LoginCredentials.LoginProcess::.ctor()</Name>
              <FileRef uid="9" />
              <SequencePoints>
                <SequencePoint vc="0" uspid="186" ordinal="0" offset="0" sl="24" sc="3" el="24" ec="77" bec="0" bev="0" fileid="9" />
                <SequencePoint vc="0" uspid="187" ordinal="1" offset="7" sl="25" sc="3" el="25" ec="73" bec="0" bev="0" fileid="9" />
                <SequencePoint vc="0" uspid="188" ordinal="2" offset="14" sl="26" sc="3" el="26" ec="58" bec="0" bev="0" fileid="9" />
                <SequencePoint vc="0" uspid="189" ordinal="3" offset="25" sl="27" sc="3" el="27" ec="46" bec="0" bev="0" fileid="9" />
                <SequencePoint vc="0" uspid="190" ordinal="4" offset="33" sl="28" sc="3" el="28" ec="50" bec="0" bev="0" fileid="9" />
                <SequencePoint vc="0" uspid="191" ordinal="5" offset="41" sl="29" sc="3" el="29" ec="50" bec="0" bev="0" fileid="9" />
                <SequencePoint vc="0" uspid="192" ordinal="6" offset="49" sl="31" sc="3" el="31" ec="24" bec="0" bev="0" fileid="9" />
                <SequencePoint vc="0" uspid="193" ordinal="7" offset="56" sl="32" sc="3" el="32" ec="4" bec="0" bev="0" fileid="9" />
                <SequencePoint vc="0" uspid="194" ordinal="8" offset="57" sl="33" sc="4" el="33" ec="81" bec="0" bev="0" fileid="9" />
                <SequencePoint vc="0" uspid="195" ordinal="9" offset="74" sl="34" sc="4" el="34" ec="76" bec="0" bev="0" fileid="9" />
                <SequencePoint vc="0" uspid="196" ordinal="10" offset="91" sl="35" sc="3" el="35" ec="4" bec="0" bev="0" fileid="9" />
              </SequencePoints>
              <BranchPoints />
              <MethodPoint xsi:type="SequencePoint" vc="0" uspid="186" ordinal="0" offset="0" sl="24" sc="3" el="24" ec="77" bec="0" bev="0" fileid="9" />
            </Method>
            <Method visited="true" cyclomaticComplexity="3" sequenceCoverage="80" branchCoverage="60" isConstructor="true" isStatic="false" isGetter="false" isSetter="false">
              <Summary numSequencePoints="20" visitedSequencePoints="16" numBranchPoints="5" visitedBranchPoints="3" sequenceCoverage="80" branchCoverage="60" maxCyclomaticComplexity="3" minCyclomaticComplexity="3" />
              <MetadataToken>100663360</MetadataToken>
              <Name>System.Void LoginValidation.Core.BusinessLogic.LoginCredentials.LoginProcess::.ctor(LoginValidation.Core.DataAccess.IUserAccountCommandRepository,LoginValidation.Core.DataAccess.IUserAccountQueryRepository,System.Int32,System.Int32,System.Int32)</Name>
              <FileRef uid="9" />
              <SequencePoints>
                <SequencePoint vc="4" uspid="197" ordinal="0" offset="0" sl="24" sc="3" el="24" ec="77" bec="0" bev="0" fileid="9" />
                <SequencePoint vc="4" uspid="198" ordinal="1" offset="7" sl="25" sc="3" el="25" ec="73" bec="0" bev="0" fileid="9" />
                <SequencePoint vc="4" uspid="199" ordinal="2" offset="14" sl="26" sc="3" el="26" ec="58" bec="0" bev="0" fileid="9" />
                <SequencePoint vc="4" uspid="200" ordinal="3" offset="25" sl="27" sc="3" el="27" ec="46" bec="0" bev="0" fileid="9" />
                <SequencePoint vc="4" uspid="201" ordinal="4" offset="33" sl="28" sc="3" el="28" ec="50" bec="0" bev="0" fileid="9" />
                <SequencePoint vc="4" uspid="202" ordinal="5" offset="41" sl="29" sc="3" el="29" ec="50" bec="0" bev="0" fileid="9" />
                <SequencePoint vc="4" uspid="203" ordinal="6" offset="49" sl="37" sc="3" el="43" ec="23" bec="0" bev="0" fileid="9" />
                <SequencePoint vc="4" uspid="204" ordinal="7" offset="56" sl="44" sc="3" el="44" ec="4" bec="0" bev="0" fileid="9" />
                <SequencePoint vc="4" uspid="205" ordinal="8" offset="57" sl="45" sc="4" el="45" ec="54" bec="0" bev="0" fileid="9" />
                <SequencePoint vc="4" uspid="206" ordinal="9" offset="64" sl="46" sc="4" el="46" ec="49" bec="0" bev="0" fileid="9" />
                <SequencePoint vc="4" uspid="207" ordinal="10" offset="71" sl="47" sc="4" el="47" ec="47" bec="0" bev="0" fileid="9" />
                <SequencePoint vc="4" uspid="208" ordinal="11" offset="78" sl="48" sc="4" el="48" ec="57" bec="0" bev="0" fileid="9" />
[...]
                <SequencePoint vc="0" uspid="260" ordinal="8" offset="60" sl="48" sc="4" el="48" ec="16" bec="0" bev="0" fileid="10" />
                <SequencePoint vc="0" uspid="261" ordinal="9" offset="64" sl="49" sc="3" el="49" ec="4" bec="0" bev="0" fileid="10" />
              </SequencePoints>
              <BranchPoints>
                <BranchPoint vc="0" uspid="262" ordinal="0" offset="23" path="0" offsetchain="" offsetend="25" />
                <BranchPoint vc="0" uspid="263" ordinal="1" offset="23" path="1" offsetchain="" offsetend="39" />
              </BranchPoints>
              <MethodPoint xsi:type="SequencePoint" vc="0" uspid="252" ordinal="0" offset="0" sl="40" sc="3" el="40" ec="4" bec="0" bev="0" fileid="10" />
            </Method>
          </Methods>
        </Class>
        <Class>
          <Summary numSequencePoints="10" visitedSequencePoints="10" numBranchPoints="2" visitedBranchPoints="2" sequenceCoverage="100" branchCoverage="100" maxCyclomaticComplexity="1" minCyclomaticComplexity="1" />
          <FullName>LoginValidation.Infrastructure.DataAccess.XmlUserAccountQueryRepository</FullName>
          <Methods>
            <Method visited="true" cyclomaticComplexity="1" sequenceCoverage="100" branchCoverage="100" isConstructor="true" isStatic="false" isGetter="false" isSetter="false">
              <Summary numSequencePoints="4" visitedSequencePoints="4" numBranchPoints="1" visitedBranchPoints="1" sequenceCoverage="100" branchCoverage="100" maxCyclomaticComplexity="1" minCyclomaticComplexity="1" />
              <MetadataToken>100663367</MetadataToken>
              <Name>System.Void LoginValidation.Infrastructure.DataAccess.XmlUserAccountQueryRepository::.ctor(System.String)</Name>
              <FileRef uid="11" />
              <SequencePoints>
                <SequencePoint vc="4" uspid="264" ordinal="0" offset="0" sl="25" sc="3" el="25" ec="59" bec="0" bev="0" fileid="11" />
                <SequencePoint vc="4" uspid="265" ordinal="1" offset="7" sl="26" sc="3" el="26" ec="4" bec="0" bev="0" fileid="11" />
                <SequencePoint vc="4" uspid="266" ordinal="2" offset="8" sl="27" sc="4" el="27" ec="33" bec="0" bev="0" fileid="11" />
                <SequencePoint vc="4" uspid="267" ordinal="3" offset="15" sl="28" sc="3" el="28" ec="4" bec="0" bev="0" fileid="11" />
              </SequencePoints>
              <BranchPoints />
              <MethodPoint xsi:type="SequencePoint" vc="4" uspid="264" ordinal="0" offset="0" sl="25" sc="3" el="25" ec="59" bec="0" bev="0" fileid="11" />
            </Method>
            <Method visited="true" cyclomaticComplexity="1" sequenceCoverage="100" branchCoverage="100" isConstructor="false" isStatic="false" isGetter="false" isSetter="false">
              <Summary numSequencePoints="6" visitedSequencePoints="6" numBranchPoints="1" visitedBranchPoints="1" sequenceCoverage="100" branchCoverage="100" maxCyclomaticComplexity="1" minCyclomaticComplexity="1" />
              <MetadataToken>100663368</MetadataToken>
              <Name>LoginValidation.Core.Domain.UserAccount LoginValidation.Infrastructure.DataAccess.XmlUserAccountQueryRepository::ValidateUser(System.String,System.String)</Name>
              <FileRef uid="11" />
              <SequencePoints>
                <SequencePoint vc="4" uspid="268" ordinal="0" offset="13" sl="31" sc="3" el="31" ec="4" bec="0" bev="0" fileid="11" />
                <SequencePoint vc="4" uspid="269" ordinal="1" offset="14" sl="32" sc="4" el="32" ec="39" bec="0" bev="0" fileid="11" />
                <SequencePoint vc="4" uspid="270" ordinal="2" offset="20" sl="33" sc="4" el="33" ec="58" bec="0" bev="0" fileid="11" />
                <SequencePoint vc="4" uspid="271" ordinal="3" offset="32" sl="34" sc="4" el="34" ec="103" bec="0" bev="0" fileid="11" />
                <SequencePoint vc="4" uspid="272" ordinal="4" offset="51" sl="35" sc="4" el="35" ec="16" bec="0" bev="0" fileid="11" />
                <SequencePoint vc="4" uspid="273" ordinal="5" offset="55" sl="36" sc="3" el="36" ec="4" bec="0" bev="0" fileid="11" />
              </SequencePoints>
              <BranchPoints />
              <MethodPoint vc="4" uspid="274" ordinal="0" offset="0" />
            </Method>
          </Methods>
        </Class>
        <Class>
          <Summary numSequencePoints="1" visitedSequencePoints="1" numBranchPoints="1" visitedBranchPoints="1" sequenceCoverage="100" branchCoverage="100" maxCyclomaticComplexity="1" minCyclomaticComplexity="1" />
          <FullName>LoginValidation.Infrastructure.DataAccess.XmlUserAccountQueryRepository/&lt;&gt;c__DisplayClass1</FullName>
          <Methods>
            <Method visited="true" cyclomaticComplexity="1" sequenceCoverage="0" branchCoverage="0" isConstructor="true" isStatic="false" isGetter="false" isSetter="false">
              <Summary numSequencePoints="0" visitedSequencePoints="0" numBranchPoints="0" visitedBranchPoints="0" sequenceCoverage="0" branchCoverage="0" maxCyclomaticComplexity="1" minCyclomaticComplexity="1" />
              <MetadataToken>100663376</MetadataToken>
              <Name>System.Void LoginValidation.Infrastructure.DataAccess.XmlUserAccountQueryRepository/&lt;&gt;c__DisplayClass1::.ctor()</Name>
              <SequencePoints />
              <BranchPoints />
              <MethodPoint vc="4" uspid="275" ordinal="0" offset="0" />
            </Method>
            <Method visited="true" cyclomaticComplexity="1" sequenceCoverage="100" branchCoverage="100" isConstructor="false" isStatic="false" isGetter="false" isSetter="false">
              <Summary numSequencePoints="1" visitedSequencePoints="1" numBranchPoints="1" visitedBranchPoints="1" sequenceCoverage="100" branchCoverage="100" maxCyclomaticComplexity="1" minCyclomaticComplexity="1" />
              <MetadataToken>100663377</MetadataToken>
              <Name>System.Boolean LoginValidation.Infrastructure.DataAccess.XmlUserAccountQueryRepository/&lt;&gt;c__DisplayClass1::&lt;ValidateUser&gt;b__0(LoginValidation.Core.Domain.UserAccount)</Name>
              <FileRef uid="11" />
              <SequencePoints>
                <SequencePoint vc="10" uspid="276" ordinal="0" offset="0" sl="34" sc="38" el="34" ec="101" bec="0" bev="0" fileid="11" />
              </SequencePoints>
              <BranchPoints />
              <MethodPoint xsi:type="SequencePoint" vc="10" uspid="276" ordinal="0" offset="0" sl="34" sc="38" el="34" ec="101" bec="0" bev="0" fileid="11" />
            </Method>
          </Methods>
        </Class>
        <Class>
          <Summary numSequencePoints="17" visitedSequencePoints="10" numBranchPoints="6" visitedBranchPoints="2" sequenceCoverage="58.82" branchCoverage="33.33" maxCyclomaticComplexity="2" minCyclomaticComplexity="2" />
          <FullName>LoginValidation.Infrastructure.Utils.CustomSerializer`1</FullName>
          <Methods>
            <Method visited="false" cyclomaticComplexity="2" sequenceCoverage="0" branchCoverage="0" isConstructor="false" isStatic="true" isGetter="false" isSetter="false">
              <Summary numSequencePoints="7" visitedSequencePoints="0" numBranchPoints="3" visitedBranchPoints="0" sequenceCoverage="0" branchCoverage="0" maxCyclomaticComplexity="2" minCyclomaticComplexity="2" />
              <MetadataToken>100663369</MetadataToken>
              <Name>System.Void LoginValidation.Infrastructure.Utils.CustomSerializer`1::Save(System.Collections.Generic.List`1&lt;T&gt;,System.String)</Name>
              <FileRef uid="13" />
              <SequencePoints>
                <SequencePoint vc="0" uspid="277" ordinal="0" offset="0" sl="54" sc="9" el="54" ec="10" bec="0" bev="0" fileid="13" />
                <SequencePoint vc="0" uspid="278" ordinal="1" offset="1" sl="55" sc="13" el="55" ec="78" bec="0" bev="0" fileid="13" />
                <SequencePoint vc="0" uspid="279" ordinal="2" offset="13" sl="56" sc="20" el="56" ec="76" bec="0" bev="0" fileid="13" />
                <SequencePoint vc="0" uspid="280" ordinal="3" offset="20" sl="57" sc="13" el="57" ec="14" bec="0" bev="0" fileid="13" />
                <SequencePoint vc="0" uspid="281" ordinal="4" offset="21" sl="58" sc="17" el="58" ec="67" bec="0" bev="0" fileid="13" />
                <SequencePoint vc="0" uspid="282" ordinal="5" offset="35" sl="59" sc="13" el="59" ec="14" bec="2" bev="0" fileid="13" />
                <SequencePoint vc="0" uspid="283" ordinal="6" offset="55" sl="60" sc="9" el="60" ec="10" bec="0" bev="0" fileid="13" />
              </SequencePoints>
              <BranchPoints>
                <BranchPoint vc="0" uspid="284" ordinal="0" offset="44" path="0" offsetchain="" offsetend="46" />
                <BranchPoint vc="0" uspid="285" ordinal="1" offset="44" path="1" offsetchain="" offsetend="53" />
              </BranchPoints>
              <MethodPoint xsi:type="SequencePoint" vc="0" uspid="277" ordinal="0" offset="0" sl="54" sc="9" el="54" ec="10" bec="0" bev="0" fileid="13" />
            </Method>
            <Method visited="true" cyclomaticComplexity="2" sequenceCoverage="100" branchCoverage="66.67" isConstructor="false" isStatic="true" isGetter="false" isSetter="false">
              <Summary numSequencePoints="10" visitedSequencePoints="10" numBranchPoints="3" visitedBranchPoints="2" sequenceCoverage="100" branchCoverage="66.67" maxCyclomaticComplexity="2" minCyclomaticComplexity="2" />
              <MetadataToken>100663370</MetadataToken>
              <Name>System.Collections.Generic.List`1&lt;T&gt; LoginValidation.Infrastructure.Utils.CustomSerializer`1::Read(System.String)</Name>
              <FileRef uid="13" />
              <SequencePoints>
                <SequencePoint vc="4" uspid="286" ordinal="0" offset="0" sl="63" sc="9" el="63" ec="10" bec="0" bev="0" fileid="13" />
                <SequencePoint vc="4" uspid="287" ordinal="1" offset="1" sl="64" sc="10" el="64" ec="41" bec="0" bev="0" fileid="13" />
                <SequencePoint vc="4" uspid="288" ordinal="2" offset="7" sl="65" sc="10" el="65" ec="75" bec="0" bev="0" fileid="13" />
                <SequencePoint vc="4" uspid="289" ordinal="3" offset="19" sl="66" sc="20" el="66" ec="76" bec="0" bev="0" fileid="13" />
                <SequencePoint vc="4" uspid="290" ordinal="4" offset="26" sl="67" sc="13" el="67" ec="14" bec="0" bev="0" fileid="13" />
                <SequencePoint vc="4" uspid="291" ordinal="5" offset="27" sl="68" sc="17" el="68" ec="81" bec="0" bev="0" fileid="13" />
                <SequencePoint vc="4" uspid="292" ordinal="6" offset="40" sl="69" sc="17" el="69" ec="50" bec="0" bev="0" fileid="13" />
                <SequencePoint vc="4" uspid="293" ordinal="7" offset="47" sl="70" sc="13" el="70" ec="14" bec="2" bev="1" fileid="13" />
                <SequencePoint vc="4" uspid="294" ordinal="8" offset="69" sl="71" sc="13" el="71" ec="29" bec="0" bev="0" fileid="13" />
                <SequencePoint vc="4" uspid="295" ordinal="9" offset="74" sl="72" sc="9" el="72" ec="10" bec="0" bev="0" fileid="13" />
              </SequencePoints>
              <BranchPoints>
                <BranchPoint vc="4" uspid="296" ordinal="0" offset="58" path="0" offsetchain="" offsetend="60" />
                <BranchPoint vc="0" uspid="297" ordinal="1" offset="58" path="1" offsetchain="" offsetend="67" />
              </BranchPoints>
              <MethodPoint xsi:type="SequencePoint" vc="4" uspid="286" ordinal="0" offset="0" sl="63" sc="9" el="63" ec="10" bec="0" bev="0" fileid="13" />
            </Method>
          </Methods>
        </Class>
        <Class>
          <Summary numSequencePoints="24" visitedSequencePoints="24" numBranchPoints="4" visitedBranchPoints="4" sequenceCoverage="100" branchCoverage="100" maxCyclomaticComplexity="1" minCyclomaticComplexity="1" />
          <FullName>LoginValidation.Tests.UserAccountTest</FullName>
          <Methods>
            <Method visited="true" cyclomaticComplexity="1" sequenceCoverage="100" branchCoverage="100" isConstructor="false" isStatic="false" isGetter="false" isSetter="false">
              <Summary numSequencePoints="6" visitedSequencePoints="6" numBranchPoints="1" visitedBranchPoints="1" sequenceCoverage="100" branchCoverage="100" maxCyclomaticComplexity="1" minCyclomaticComplexity="1" />
              <MetadataToken>100663371</MetadataToken>
              <Name>System.Void LoginValidation.Tests.UserAccountTest::UserIsAuthenticated()</Name>
              <FileRef uid="14" />
              <SequencePoints>
                <SequencePoint vc="1" uspid="298" ordinal="0" offset="0" sl="22" sc="3" el="22" ec="4" bec="0" bev="0" fileid="14" />
                <SequencePoint vc="1" uspid="299" ordinal="1" offset="1" sl="27" sc="4" el="27" ec="85" bec="0" bev="0" fileid="14" />
                <SequencePoint vc="1" uspid="300" ordinal="2" offset="12" sl="28" sc="4" el="28" ec="80" bec="0" bev="0" fileid="14" />
                <SequencePoint vc="1" uspid="301" ordinal="3" offset="23" sl="29" sc="4" el="30" ec="32" bec="0" bev="0" fileid="14" />
                <SequencePoint vc="1" uspid="302" ordinal="4" offset="52" sl="32" sc="4" el="32" ec="78" bec="0" bev="0" fileid="14" />
                <SequencePoint vc="1" uspid="303" ordinal="5" offset="64" sl="33" sc="3" el="33" ec="4" bec="0" bev="0" fileid="14" />
              </SequencePoints>
              <BranchPoints />
              <MethodPoint xsi:type="SequencePoint" vc="1" uspid="298" ordinal="0" offset="0" sl="22" sc="3" el="22" ec="4" bec="0" bev="0" fileid="14" />
            </Method>
            <Method visited="true" cyclomaticComplexity="1" sequenceCoverage="100" branchCoverage="100" isConstructor="false" isStatic="false" isGetter="false" isSetter="false">
              <Summary numSequencePoints="6" visitedSequencePoints="6" numBranchPoints="1" visitedBranchPoints="1" sequenceCoverage="100" branchCoverage="100" maxCyclomaticComplexity="1" minCyclomaticComplexity="1" />
              <MetadataToken>100663372</MetadataToken>
              <Name>System.Void LoginValidation.Tests.UserAccountTest::UserIsNotAuthenticated()</Name>
              <FileRef uid="14" />
              <SequencePoints>
                <SequencePoint vc="1" uspid="304" ordinal="0" offset="0" sl="37" sc="3" el="37" ec="4" bec="0" bev="0" fileid="14" />
                <SequencePoint vc="1" uspid="305" ordinal="1" offset="1" sl="42" sc="4" el="42" ec="85" bec="0" bev="0" fileid="14" />
                <SequencePoint vc="1" uspid="306" ordinal="2" offset="12" sl="43" sc="4" el="43" ec="80" bec="0" bev="0" fileid="14" />
                <SequencePoint vc="1" uspid="307" ordinal="3" offset="23" sl="44" sc="4" el="45" ec="41" bec="0" bev="0" fileid="14" />
                <SequencePoint vc="1" uspid="308" ordinal="4" offset="52" sl="47" sc="4" el="47" ec="87" bec="0" bev="0" fileid="14" />
                <SequencePoint vc="1" uspid="309" ordinal="5" offset="64" sl="48" sc="3" el="48" ec="4" bec="0" bev="0" fileid="14" />
              </SequencePoints>
              <BranchPoints />
              <MethodPoint xsi:type="SequencePoint" vc="1" uspid="304" ordinal="0" offset="0" sl="37" sc="3" el="37" ec="4" bec="0" bev="0" fileid="14" />
            </Method>
            <Method visited="true" cyclomaticComplexity="1" sequenceCoverage="100" branchCoverage="100" isConstructor="false" isStatic="false" isGetter="false" isSetter="false">
              <Summary numSequencePoints="6" visitedSequencePoints="6" numBranchPoints="1" visitedBranchPoints="1" sequenceCoverage="100" branchCoverage="100" maxCyclomaticComplexity="1" minCyclomaticComplexity="1" />
              <MetadataToken>100663373</MetadataToken>
              <Name>System.Void LoginValidation.Tests.UserAccountTest::UserIsActive()</Name>
              <FileRef uid="14" />
              <SequencePoints>
                <SequencePoint vc="1" uspid="310" ordinal="0" offset="0" sl="52" sc="3" el="52" ec="4" bec="0" bev="0" fileid="14" />
                <SequencePoint vc="1" uspid="311" ordinal="1" offset="1" sl="57" sc="4" el="57" ec="85" bec="0" bev="0" fileid="14" />
                <SequencePoint vc="1" uspid="312" ordinal="2" offset="12" sl="58" sc="4" el="58" ec="80" bec="0" bev="0" fileid="14" />
                <SequencePoint vc="1" uspid="313" ordinal="3" offset="23" sl="59" sc="4" el="60" ec="43" bec="0" bev="0" fileid="14" />
                <SequencePoint vc="1" uspid="314" ordinal="4" offset="52" sl="62" sc="4" el="62" ec="90" bec="0" bev="0" fileid="14" />
                <SequencePoint vc="1" uspid="315" ordinal="5" offset="64" sl="63" sc="3" el="63" ec="4" bec="0" bev="0" fileid="14" />
              </SequencePoints>
              <BranchPoints />
              <MethodPoint xsi:type="SequencePoint" vc="1" uspid="310" ordinal="0" offset="0" sl="52" sc="3" el="52" ec="4" bec="0" bev="0" fileid="14" />
            </Method>
            <Method visited="true" cyclomaticComplexity="1" sequenceCoverage="100" branchCoverage="100" isConstructor="false" isStatic="false" isGetter="false" isSetter="false">
              <Summary numSequencePoints="6" visitedSequencePoints="6" numBranchPoints="1" visitedBranchPoints="1" sequenceCoverage="100" branchCoverage="100" maxCyclomaticComplexity="1" minCyclomaticComplexity="1" />
              <MetadataToken>100663374</MetadataToken>
              <Name>System.Void LoginValidation.Tests.UserAccountTest::UserIsLocked()</Name>
              <FileRef uid="14" />
              <SequencePoints>
                <SequencePoint vc="1" uspid="316" ordinal="0" offset="0" sl="67" sc="3" el="67" ec="4" bec="0" bev="0" fileid="14" />
                <SequencePoint vc="1" uspid="317" ordinal="1" offset="1" sl="72" sc="4" el="72" ec="85" bec="0" bev="0" fileid="14" />
                <SequencePoint vc="1" uspid="318" ordinal="2" offset="12" sl="73" sc="4" el="73" ec="80" bec="0" bev="0" fileid="14" />
                <SequencePoint vc="1" uspid="319" ordinal="3" offset="23" sl="74" sc="4" el="75" ec="39" bec="0" bev="0" fileid="14" />
                <SequencePoint vc="1" uspid="320" ordinal="4" offset="52" sl="77" sc="4" el="77" ec="87" bec="0" bev="0" fileid="14" />
                <SequencePoint vc="1" uspid="321" ordinal="5" offset="64" sl="78" sc="3" el="78" ec="4" bec="0" bev="0" fileid="14" />
              </SequencePoints>
              <BranchPoints />
              <MethodPoint xsi:type="SequencePoint" vc="1" uspid="316" ordinal="0" offset="0" sl="67" sc="3" el="67" ec="4" bec="0" bev="0" fileid="14" />
            </Method>
            <Method visited="true" cyclomaticComplexity="1" sequenceCoverage="0" branchCoverage="0" isConstructor="true" isStatic="false" isGetter="false" isSetter="false">
              <Summary numSequencePoints="0" visitedSequencePoints="0" numBranchPoints="0" visitedBranchPoints="0" sequenceCoverage="0" branchCoverage="0" maxCyclomaticComplexity="1" minCyclomaticComplexity="1" />
              <MetadataToken>100663375</MetadataToken>
              <Name>System.Void LoginValidation.Tests.UserAccountTest::.ctor()</Name>
              <SequencePoints />
              <BranchPoints />
              <MethodPoint vc="1" uspid="322" ordinal="0" offset="0" />
            </Method>
          </Methods>
        </Class>
      </Classes>
    </Module>
    <Module skippedDueTo="MissingPdb" hash="42-83-FE-A6-9F-01-8E-2C-E8-41-E9-25-3E-1E-0D-99-81-76-6B-C9">
      <FullName>C:\Users\shibu\AppData\Local\Temp\nunit20\ShadowCopyCache\4656_636316705307712837\Tests_29313539\assembly\dl3\7eb59242\001dd861_5543d201\nunit.framework.dll</FullName>
      <ModuleName>nunit.framework</ModuleName>
      <Classes />
    </Module>
    <Module skippedDueTo="MissingPdb" hash="">
      <FullName>RefEmit_InMemoryManifestModule</FullName>
      <ModuleName>Microsoft.GeneratedCode</ModuleName>
      <Classes />
    </Module>
  </Modules>
</CoverageSession>